Started GET "/" for ::1 at 2025-01-16 16:05:08 -0300
  [1m[35m (4.8ms)[0m  [1m[35mCREATE TABLE "schema_migrations" ("version" varchar NOT NULL PRIMARY KEY) /*application='ApiFablab'*/[0m
  [1m[35m (0.4ms)[0m  [1m[35mCREATE TABLE "ar_internal_metadata" ("key" varchar NOT NULL PRIMARY KEY, "value" varchar, "created_at" datetime(6) NOT NULL, "updated_at" datetime(6) NOT NULL) /*application='ApiFablab'*/[0m
  [1m[36mActiveRecord::SchemaMigration Load (0.2ms)[0m  [1m[34mSELECT "schema_migrations"."version" FROM "schema_migrations" ORDER BY "schema_migrations"."version" ASC /*application='ApiFablab'*/[0m
Processing by Rails::WelcomeController#index as HTML
  Rendering /home/silas/.rvm/gems/ruby-3.4.1/gems/railties-8.0.1/lib/rails/templates/rails/welcome/index.html.erb
  Rendered /home/silas/.rvm/gems/ruby-3.4.1/gems/railties-8.0.1/lib/rails/templates/rails/welcome/index.html.erb (Duration: 0.6ms | GC: 0.0ms)
Completed 200 OK in 51ms (Views: 8.4ms | ActiveRecord: 0.0ms (0 queries, 0 cached) | GC: 17.6ms)


Started GET "/icon.png" for ::1 at 2025-01-16 16:05:09 -0300
  
ActionController::RoutingError (No route matches [GET] "/icon.png"):
  
  [1m[36mActiveRecord::InternalMetadata Load (1.0ms)[0m  [1m[34mSELECT * FROM "ar_internal_metadata" WHERE "ar_internal_metadata"."key" = 'environment' ORDER BY "ar_internal_metadata"."key" ASC LIMIT 1 /*application='ApiFablab'*/[0m
  [1m[36mActiveRecord::InternalMetadata Create (5.3ms)[0m  [1m[32mINSERT INTO "ar_internal_metadata" ("key", "value", "created_at", "updated_at") VALUES ('environment', 'development', '2025-01-21 13:09:29.188542', '2025-01-21 13:09:29.188547') RETURNING "key" /*application='ApiFablab'*/[0m
  [1m[36mActiveRecord::SchemaMigration Load (0.1ms)[0m  [1m[34mSELECT "schema_migrations"."version" FROM "schema_migrations" ORDER BY "schema_migrations"."version" ASC /*application='ApiFablab'*/[0m
Migrating to CreateUsuarios (20250121130237)
  [1m[36mTRANSACTION (0.2ms)[0m  [1m[35mBEGIN immediate TRANSACTION /*application='ApiFablab'*/[0m
  [1m[35m (2.8ms)[0m  [1m[35mCREATE TABLE "usuarios" ("id" integer PRIMARY KEY AUTOINCREMENT NOT NULL, "nome" varchar, "senha" varchar, "email" varchar, "cpf" varchar, "data_nascimento" date, "tipo" varchar DEFAULT 'Usuário', "created_at" datetime(6) NOT NULL, "updated_at" datetime(6) NOT NULL) /*application='ApiFablab'*/[0m
  [1m[36mActiveRecord::SchemaMigration Create (0.3ms)[0m  [1m[32mINSERT INTO "schema_migrations" ("version") VALUES ('20250121130237') RETURNING "version" /*application='ApiFablab'*/[0m
  [1m[36mTRANSACTION (0.2ms)[0m  [1m[35mCOMMIT TRANSACTION /*application='ApiFablab'*/[0m
  [1m[36mActiveRecord::SchemaMigration Load (0.1ms)[0m  [1m[34mSELECT "schema_migrations"."version" FROM "schema_migrations" ORDER BY "schema_migrations"."version" ASC /*application='ApiFablab'*/[0m
Started GET "/usuarios" for ::1 at 2025-01-21 10:32:18 -0300
  [1m[36mActiveRecord::SchemaMigration Load (0.3ms)[0m  [1m[34mSELECT "schema_migrations"."version" FROM "schema_migrations" ORDER BY "schema_migrations"."version" ASC /*application='ApiFablab'*/[0m
Processing by UsuariosController#index as */*
Completed 500 Internal Server Error in 52ms (ActiveRecord: 0.0ms (0 queries, 0 cached) | GC: 1.7ms)


  
ArgumentError (wrong number of arguments (given 0, expected 1..2)):
  
app/models/usuario.rb:2:in '<class:Usuario>'
app/models/usuario.rb:1:in '<main>'
app/controllers/usuarios_controller.rb:6:in 'UsuariosController#index'
Started GET "/usuarios" for ::1 at 2025-01-21 10:40:54 -0300
Processing by UsuariosController#index as */*
Completed 500 Internal Server Error in 4ms (ActiveRecord: 0.0ms (0 queries, 0 cached) | GC: 0.0ms)


  
ArgumentError (wrong number of arguments (given 0, expected 1..2)):
  
app/models/usuario.rb:2:in '<class:Usuario>'
app/models/usuario.rb:1:in '<main>'
app/controllers/usuarios_controller.rb:6:in 'UsuariosController#index'
Started GET "/usuarios" for ::1 at 2025-01-21 10:44:05 -0300
Processing by UsuariosController#index as */*
Completed 500 Internal Server Error in 4ms (ActiveRecord: 0.0ms (0 queries, 0 cached) | GC: 0.0ms)


  
ArgumentError (wrong number of arguments (given 0, expected 1..2)):
  
app/models/usuario.rb:2:in '<class:Usuario>'
app/models/usuario.rb:1:in '<main>'
app/controllers/usuarios_controller.rb:6:in 'UsuariosController#index'
Started GET "/usuarios" for ::1 at 2025-01-21 10:54:48 -0300
  [1m[36mActiveRecord::SchemaMigration Load (0.8ms)[0m  [1m[34mSELECT "schema_migrations"."version" FROM "schema_migrations" ORDER BY "schema_migrations"."version" ASC /*application='ApiFablab'*/[0m
Processing by UsuariosController#index as */*
Completed 500 Internal Server Error in 15ms (ActiveRecord: 0.0ms (0 queries, 0 cached) | GC: 1.2ms)


  
ArgumentError (wrong number of arguments (given 0, expected 1..2)):
  
app/models/usuario.rb:2:in '<class:Usuario>'
app/models/usuario.rb:1:in '<main>'
app/controllers/usuarios_controller.rb:6:in 'UsuariosController#index'
Started GET "/usuarios" for ::1 at 2025-01-21 10:59:20 -0300
Processing by UsuariosController#index as */*
Completed 500 Internal Server Error in 10ms (ActiveRecord: 0.0ms (0 queries, 0 cached) | GC: 0.0ms)


  
ArgumentError (wrong number of arguments (given 0, expected 1..2)):
  
app/models/usuario.rb:2:in '<class:Usuario>'
app/models/usuario.rb:1:in '<main>'
app/controllers/usuarios_controller.rb:6:in 'UsuariosController#index'
Started GET "/usuarios" for ::1 at 2025-01-21 10:59:31 -0300
  [1m[36mActiveRecord::SchemaMigration Load (0.4ms)[0m  [1m[34mSELECT "schema_migrations"."version" FROM "schema_migrations" ORDER BY "schema_migrations"."version" ASC /*application='ApiFablab'*/[0m
Processing by UsuariosController#index as */*
Completed 500 Internal Server Error in 26ms (ActiveRecord: 0.0ms (0 queries, 0 cached) | GC: 1.4ms)


  
ArgumentError (wrong number of arguments (given 0, expected 1..2)):
  
app/models/usuario.rb:2:in '<class:Usuario>'
app/models/usuario.rb:1:in '<main>'
app/controllers/usuarios_controller.rb:6:in 'UsuariosController#index'
Started GET "/usuarios" for ::1 at 2025-01-21 11:08:22 -0300
Processing by UsuariosController#index as */*
Completed 500 Internal Server Error in 10ms (ActiveRecord: 0.0ms (0 queries, 0 cached) | GC: 0.0ms)


  
ArgumentError (wrong number of arguments (given 0, expected 1..2)):
  
app/models/usuario.rb:2:in '<class:Usuario>'
app/models/usuario.rb:1:in '<main>'
app/controllers/usuarios_controller.rb:6:in 'UsuariosController#index'
Started GET "/usuarios" for ::1 at 2025-01-21 11:08:34 -0300
  [1m[36mActiveRecord::SchemaMigration Load (0.3ms)[0m  [1m[34mSELECT "schema_migrations"."version" FROM "schema_migrations" ORDER BY "schema_migrations"."version" ASC /*application='ApiFablab'*/[0m
Processing by UsuariosController#index as */*
Completed 500 Internal Server Error in 30ms (ActiveRecord: 0.0ms (0 queries, 0 cached) | GC: 1.2ms)


  
ArgumentError (wrong number of arguments (given 0, expected 1..2)):
  
app/models/usuario.rb:2:in '<class:Usuario>'
app/models/usuario.rb:1:in '<main>'
app/controllers/usuarios_controller.rb:6:in 'UsuariosController#index'
Started GET "/usuarios" for ::1 at 2025-01-21 11:10:31 -0300
Processing by UsuariosController#index as */*
Completed 500 Internal Server Error in 7ms (ActiveRecord: 0.0ms (0 queries, 0 cached) | GC: 0.0ms)


  
ArgumentError (wrong number of arguments (given 0, expected 1..2)):
  
app/models/usuario.rb:2:in '<class:Usuario>'
app/models/usuario.rb:1:in '<main>'
app/controllers/usuarios_controller.rb:6:in 'UsuariosController#index'
Started GET "/usuarios" for ::1 at 2025-01-21 11:10:44 -0300
  [1m[36mActiveRecord::SchemaMigration Load (0.6ms)[0m  [1m[34mSELECT "schema_migrations"."version" FROM "schema_migrations" ORDER BY "schema_migrations"."version" ASC /*application='ApiFablab'*/[0m
Processing by UsuariosController#index as */*
Completed 500 Internal Server Error in 33ms (ActiveRecord: 0.0ms (0 queries, 0 cached) | GC: 1.5ms)


  
ArgumentError (wrong number of arguments (given 0, expected 1..2)):
  
app/models/usuario.rb:2:in '<class:Usuario>'
app/models/usuario.rb:1:in '<main>'
app/controllers/usuarios_controller.rb:6:in 'UsuariosController#index'
  [1m[36mActiveRecord::InternalMetadata Load (1.1ms)[0m  [1m[34mSELECT * FROM "ar_internal_metadata" WHERE "ar_internal_metadata"."key" = 'environment' ORDER BY "ar_internal_metadata"."key" ASC LIMIT 1 /*application='ApiFablab'*/[0m
  [1m[36mActiveRecord::SchemaMigration Load (0.1ms)[0m  [1m[34mSELECT "schema_migrations"."version" FROM "schema_migrations" ORDER BY "schema_migrations"."version" ASC /*application='ApiFablab'*/[0m
Migrating to AddTipoToUsuarios (20250121141303)
  [1m[36mTRANSACTION (0.1ms)[0m  [1m[35mBEGIN immediate TRANSACTION /*application='ApiFablab'*/[0m
  [1m[35mSQL (0.1ms)[0m  [1m[35mPRAGMA foreign_keys /*application='ApiFablab'*/[0m
  [1m[35mSQL (0.1ms)[0m  [1m[35mPRAGMA defer_foreign_keys /*application='ApiFablab'*/[0m
  [1m[35m (0.0ms)[0m  [1m[35mPRAGMA defer_foreign_keys = ON /*application='ApiFablab'*/[0m
  [1m[35m (0.0ms)[0m  [1m[35mPRAGMA foreign_keys = OFF /*application='ApiFablab'*/[0m
  [1m[35m (0.4ms)[0m  [1m[35mCREATE TEMPORARY TABLE "ausuarios" ("id" integer PRIMARY KEY AUTOINCREMENT NOT NULL, "nome" varchar, "senha" varchar, "email" varchar, "cpf" varchar, "data_nascimento" date, "tipo" varchar DEFAULT 'Usuário', "created_at" datetime(6) NOT NULL, "updated_at" datetime(6) NOT NULL) /*application='ApiFablab'*/[0m
  [1m[35mSQL (0.1ms)[0m  [1m[32mINSERT INTO "ausuarios" ("id","nome","senha","email","cpf","data_nascimento","tipo","created_at","updated_at")
                     SELECT "id","nome","senha","email","cpf","data_nascimento","tipo","created_at","updated_at" FROM "usuarios" /*application='ApiFablab'*/[0m
  [1m[35m (0.2ms)[0m  [1m[35mDROP TABLE "usuarios" /*application='ApiFablab'*/[0m
  [1m[35m (0.1ms)[0m  [1m[35mPRAGMA defer_foreign_keys = 0 /*application='ApiFablab'*/[0m
  [1m[35m (0.1ms)[0m  [1m[35mPRAGMA foreign_keys = 1 /*application='ApiFablab'*/[0m
  [1m[36mTRANSACTION (0.1ms)[0m  [1m[31mROLLBACK TRANSACTION /*application='ApiFablab'*/[0m
  [1m[36mActiveRecord::InternalMetadata Load (0.9ms)[0m  [1m[34mSELECT * FROM "ar_internal_metadata" WHERE "ar_internal_metadata"."key" = 'environment' ORDER BY "ar_internal_metadata"."key" ASC LIMIT 1 /*application='ApiFablab'*/[0m
  [1m[36mActiveRecord::SchemaMigration Load (0.1ms)[0m  [1m[34mSELECT "schema_migrations"."version" FROM "schema_migrations" ORDER BY "schema_migrations"."version" ASC /*application='ApiFablab'*/[0m
Migrating to DropUsuario (20250121141856)
  [1m[36mTRANSACTION (0.1ms)[0m  [1m[35mBEGIN immediate TRANSACTION /*application='ApiFablab'*/[0m
  [1m[35m (1.8ms)[0m  [1m[35mDROP TABLE "Usuario" /*application='ApiFablab'*/[0m
  [1m[36mTRANSACTION (0.0ms)[0m  [1m[31mROLLBACK TRANSACTION /*application='ApiFablab'*/[0m
  [1m[36mActiveRecord::InternalMetadata Load (0.1ms)[0m  [1m[34mSELECT * FROM "ar_internal_metadata" WHERE "ar_internal_metadata"."key" = 'environment' ORDER BY "ar_internal_metadata"."key" ASC LIMIT 1 /*application='ApiFablab'*/[0m
  [1m[36mActiveRecord::SchemaMigration Load (0.1ms)[0m  [1m[34mSELECT "schema_migrations"."version" FROM "schema_migrations" ORDER BY "schema_migrations"."version" ASC /*application='ApiFablab'*/[0m
Migrating to DropUsuario (20250121141856)
  [1m[36mTRANSACTION (0.1ms)[0m  [1m[35mBEGIN immediate TRANSACTION /*application='ApiFablab'*/[0m
  [1m[35m (1.4ms)[0m  [1m[35mDROP TABLE "Usuarios" /*application='ApiFablab'*/[0m
  [1m[36mActiveRecord::SchemaMigration Create (0.1ms)[0m  [1m[32mINSERT INTO "schema_migrations" ("version") VALUES ('20250121141856') RETURNING "version" /*application='ApiFablab'*/[0m
  [1m[36mTRANSACTION (5.6ms)[0m  [1m[35mCOMMIT TRANSACTION /*application='ApiFablab'*/[0m
  [1m[36mActiveRecord::SchemaMigration Load (0.1ms)[0m  [1m[34mSELECT "schema_migrations"."version" FROM "schema_migrations" ORDER BY "schema_migrations"."version" ASC /*application='ApiFablab'*/[0m
  [1m[36mActiveRecord::InternalMetadata Load (0.9ms)[0m  [1m[34mSELECT * FROM "ar_internal_metadata" WHERE "ar_internal_metadata"."key" = 'environment' ORDER BY "ar_internal_metadata"."key" ASC LIMIT 1 /*application='ApiFablab'*/[0m
  [1m[36mActiveRecord::SchemaMigration Load (0.1ms)[0m  [1m[34mSELECT "schema_migrations"."version" FROM "schema_migrations" ORDER BY "schema_migrations"."version" ASC /*application='ApiFablab'*/[0m
  [1m[36mActiveRecord::SchemaMigration Load (0.0ms)[0m  [1m[34mSELECT "schema_migrations"."version" FROM "schema_migrations" ORDER BY "schema_migrations"."version" ASC /*application='ApiFablab'*/[0m
Started GET "/usuarios" for ::1 at 2025-01-21 11:24:42 -0300
  [1m[36mActiveRecord::SchemaMigration Load (0.3ms)[0m  [1m[34mSELECT "schema_migrations"."version" FROM "schema_migrations" ORDER BY "schema_migrations"."version" ASC /*application='ApiFablab'*/[0m
Processing by UsuariosController#index as */*
Completed 500 Internal Server Error in 34ms (ActiveRecord: 0.0ms (0 queries, 0 cached) | GC: 1.3ms)


  
ArgumentError (wrong number of arguments (given 0, expected 1..2)):
  
app/models/usuario.rb:2:in '<class:Usuario>'
app/models/usuario.rb:1:in '<main>'
app/controllers/usuarios_controller.rb:6:in 'UsuariosController#index'
Started POST "/usuarios" for ::1 at 2025-01-21 11:30:59 -0300
  
ArgumentError (wrong number of arguments (given 0, expected 1..2)):
  
app/models/usuario.rb:2:in '<class:Usuario>'
app/models/usuario.rb:1:in '<main>'
Started GET "/models/usuario.rb:2:in" for ::1 at 2025-01-21 11:31:26 -0300
  
ActionController::RoutingError (No route matches [GET] "/models/usuario.rb:2:in"):
  
Started GET "/favicon.ico" for ::1 at 2025-01-21 11:31:27 -0300
  
ActionController::RoutingError (No route matches [GET] "/favicon.ico"):
  
Started GET "/active_record/enum.rb:216:in" for ::1 at 2025-01-21 11:31:53 -0300
  
ActionController::RoutingError (No route matches [GET] "/active_record/enum.rb:216:in"):
  
Started GET "/usuarios" for ::1 at 2025-01-21 11:36:33 -0300
Processing by UsuariosController#index as */*
Completed 500 Internal Server Error in 7ms (ActiveRecord: 0.0ms (0 queries, 0 cached) | GC: 0.0ms)


  
ArgumentError (wrong number of arguments (given 0, expected 1..2)):
  
app/models/usuario.rb:2:in '<class:Usuario>'
app/models/usuario.rb:1:in '<main>'
app/controllers/usuarios_controller.rb:6:in 'UsuariosController#index'
Started GET "/usuarios" for ::1 at 2025-01-21 11:36:51 -0300
  [1m[36mActiveRecord::SchemaMigration Load (0.3ms)[0m  [1m[34mSELECT "schema_migrations"."version" FROM "schema_migrations" ORDER BY "schema_migrations"."version" ASC /*application='ApiFablab'*/[0m
Processing by UsuariosController#index as */*
Completed 500 Internal Server Error in 35ms (ActiveRecord: 0.0ms (0 queries, 0 cached) | GC: 1.6ms)


  
ArgumentError (wrong number of arguments (given 0, expected 1..2)):
  
app/models/usuario.rb:2:in '<class:Usuario>'
app/models/usuario.rb:1:in '<main>'
app/controllers/usuarios_controller.rb:6:in 'UsuariosController#index'
Started GET "/usuarios" for ::1 at 2025-01-21 11:44:06 -0300
Processing by UsuariosController#index as */*
Completed 500 Internal Server Error in 9ms (ActiveRecord: 0.0ms (0 queries, 0 cached) | GC: 0.0ms)


  
ArgumentError (wrong number of arguments (given 0, expected 1..2)):
  
app/models/usuario.rb:2:in '<class:Usuario>'
app/models/usuario.rb:1:in '<main>'
app/controllers/usuarios_controller.rb:6:in 'UsuariosController#index'
Started GET "/usuarios" for ::1 at 2025-01-21 11:44:16 -0300
Processing by UsuariosController#index as */*
  [1m[36mUsuario Load (7.7ms)[0m  [1m[34mSELECT "usuarios".* FROM "usuarios" /*action='index',application='ApiFablab',controller='usuarios'*/[0m
  ↳ app/controllers/usuarios_controller.rb:8:in 'UsuariosController#index'
Completed 500 Internal Server Error in 71ms (ActiveRecord: 8.1ms (1 query, 0 cached) | GC: 0.0ms)


  
ActiveRecord::StatementInvalid (SQLite3::SQLException: no such table: usuarios:
SELECT "usuarios".* FROM "usuarios" /*action='index',application='ApiFablab',controller='usuarios'*/)
Caused by: SQLite3::SQLException (no such table: usuarios:
SELECT "usuarios".* FROM "usuarios" /*action='index',application='ApiFablab',controller='usuarios'*/)

Information for: ActiveRecord::StatementInvalid (SQLite3::SQLException: no such table: usuarios:
SELECT "usuarios".* FROM "usuarios" /*action='index',application='ApiFablab',controller='usuarios'*/):
  

Information for cause: SQLite3::SQLException (no such table: usuarios:
SELECT "usuarios".* FROM "usuarios" /*action='index',application='ApiFablab',controller='usuarios'*/):
  
app/controllers/usuarios_controller.rb:8:in 'UsuariosController#index'
  [1m[36mActiveRecord::InternalMetadata Load (1.1ms)[0m  [1m[34mSELECT * FROM "ar_internal_metadata" WHERE "ar_internal_metadata"."key" = 'environment' ORDER BY "ar_internal_metadata"."key" ASC LIMIT 1 /*application='ApiFablab'*/[0m
  [1m[36mActiveRecord::SchemaMigration Load (0.1ms)[0m  [1m[34mSELECT "schema_migrations"."version" FROM "schema_migrations" ORDER BY "schema_migrations"."version" ASC /*application='ApiFablab'*/[0m
  [1m[36mActiveRecord::SchemaMigration Load (0.1ms)[0m  [1m[34mSELECT "schema_migrations"."version" FROM "schema_migrations" ORDER BY "schema_migrations"."version" ASC /*application='ApiFablab'*/[0m
  [1m[36mActiveRecord::InternalMetadata Load (0.2ms)[0m  [1m[34mSELECT * FROM "ar_internal_metadata" WHERE "ar_internal_metadata"."key" = 'environment' ORDER BY "ar_internal_metadata"."key" ASC LIMIT 1 /*application='ApiFablab'*/[0m
  [1m[36mActiveRecord::SchemaMigration Load (0.1ms)[0m  [1m[34mSELECT "schema_migrations"."version" FROM "schema_migrations" ORDER BY "schema_migrations"."version" ASC /*application='ApiFablab'*/[0m
  [1m[36mActiveRecord::SchemaMigration Load (0.1ms)[0m  [1m[34mSELECT "schema_migrations"."version" FROM "schema_migrations" ORDER BY "schema_migrations"."version" ASC /*application='ApiFablab'*/[0m
Started GET "/usuarios" for ::1 at 2025-01-21 11:46:52 -0300
  [1m[36mActiveRecord::SchemaMigration Load (0.4ms)[0m  [1m[34mSELECT "schema_migrations"."version" FROM "schema_migrations" ORDER BY "schema_migrations"."version" ASC /*application='ApiFablab'*/[0m
  
ActiveRecord::PendingMigrationError (

Migrations are pending. To resolve this issue, run:

        bin/rails db:migrate

You have 1 pending migration:

db/migrate/20250121144609_create_usuarios.rb


):
  
activerecord (8.0.1) lib/active_record/migration.rb:743:in 'ActiveRecord::Migration.check_pending_migrations'
activerecord (8.0.1) lib/active_record/migration.rb:660:in 'block (2 levels) in ActiveRecord::Migration::CheckPending#call'
activesupport (8.0.1) lib/active_support/file_update_checker.rb:85:in 'ActiveSupport::FileUpdateChecker#execute'
activerecord (8.0.1) lib/active_record/migration.rb:665:in 'block in ActiveRecord::Migration::CheckPending#call'
activerecord (8.0.1) lib/active_record/migration.rb:657:in 'Thread::Mutex#synchronize'
activerecord (8.0.1) lib/active_record/migration.rb:657:in 'ActiveRecord::Migration::CheckPending#call'
actionpack (8.0.1) lib/action_dispatch/middleware/callbacks.rb:31:in 'block in ActionDispatch::Callbacks#call'
activesupport (8.0.1) lib/active_support/callbacks.rb:100:in 'ActiveSupport::Callbacks#run_callbacks'
actionpack (8.0.1) lib/action_dispatch/middleware/callbacks.rb:30:in 'ActionDispatch::Callbacks#call'
actionpack (8.0.1) lib/action_dispatch/middleware/executor.rb:16:in 'ActionDispatch::Executor#call'
actionpack (8.0.1) lib/action_dispatch/middleware/actionable_exceptions.rb:18:in 'ActionDispatch::ActionableExceptions#call'
actionpack (8.0.1) lib/action_dispatch/middleware/debug_exceptions.rb:31:in 'ActionDispatch::DebugExceptions#call'
actionpack (8.0.1) lib/action_dispatch/middleware/show_exceptions.rb:32:in 'ActionDispatch::ShowExceptions#call'
railties (8.0.1) lib/rails/rack/logger.rb:41:in 'Rails::Rack::Logger#call_app'
railties (8.0.1) lib/rails/rack/logger.rb:29:in 'Rails::Rack::Logger#call'
actionpack (8.0.1) lib/action_dispatch/middleware/remote_ip.rb:96:in 'ActionDispatch::RemoteIp#call'
actionpack (8.0.1) lib/action_dispatch/middleware/request_id.rb:34:in 'ActionDispatch::RequestId#call'
rack (3.1.8) lib/rack/runtime.rb:24:in 'Rack::Runtime#call'
actionpack (8.0.1) lib/action_dispatch/middleware/server_timing.rb:61:in 'block in ActionDispatch::ServerTiming#call'
actionpack (8.0.1) lib/action_dispatch/middleware/server_timing.rb:26:in 'ActionDispatch::ServerTiming::Subscriber#collect_events'
actionpack (8.0.1) lib/action_dispatch/middleware/server_timing.rb:60:in 'ActionDispatch::ServerTiming#call'
actionpack (8.0.1) lib/action_dispatch/middleware/executor.rb:16:in 'ActionDispatch::Executor#call'
actionpack (8.0.1) lib/action_dispatch/middleware/static.rb:27:in 'ActionDispatch::Static#call'
rack (3.1.8) lib/rack/sendfile.rb:114:in 'Rack::Sendfile#call'
actionpack (8.0.1) lib/action_dispatch/middleware/host_authorization.rb:143:in 'ActionDispatch::HostAuthorization#call'
railties (8.0.1) lib/rails/engine.rb:535:in 'Rails::Engine#call'
puma (6.5.0) lib/puma/configuration.rb:279:in 'Puma::Configuration::ConfigMiddleware#call'
puma (6.5.0) lib/puma/request.rb:99:in 'block in Puma::Request#handle_request'
puma (6.5.0) lib/puma/thread_pool.rb:389:in 'Puma::ThreadPool#with_force_shutdown'
puma (6.5.0) lib/puma/request.rb:98:in 'Puma::Request#handle_request'
puma (6.5.0) lib/puma/server.rb:468:in 'Puma::Server#process_client'
puma (6.5.0) lib/puma/server.rb:249:in 'block in Puma::Server#run'
puma (6.5.0) lib/puma/thread_pool.rb:166:in 'block in Puma::ThreadPool#spawn_thread'
  [1m[36mActiveRecord::InternalMetadata Load (0.2ms)[0m  [1m[34mSELECT * FROM "ar_internal_metadata" WHERE "ar_internal_metadata"."key" = 'environment' ORDER BY "ar_internal_metadata"."key" ASC LIMIT 1 /*application='ApiFablab'*/[0m
  [1m[36mActiveRecord::SchemaMigration Load (0.1ms)[0m  [1m[34mSELECT "schema_migrations"."version" FROM "schema_migrations" ORDER BY "schema_migrations"."version" ASC /*application='ApiFablab'*/[0m
Migrating to CreateUsuarios (20250121144609)
  [1m[36mTRANSACTION (0.1ms)[0m  [1m[35mBEGIN immediate TRANSACTION /*application='ApiFablab'*/[0m
  [1m[35m (2.9ms)[0m  [1m[35mCREATE TABLE "usuarios" ("id" integer PRIMARY KEY AUTOINCREMENT NOT NULL, "nome" varchar, "senha" varchar, "email" varchar, "cpf" varchar, "data_nascimento" date, "tipo" varchar DEFAULT '0', "created_at" datetime(6) NOT NULL, "updated_at" datetime(6) NOT NULL) /*application='ApiFablab'*/[0m
  [1m[36mActiveRecord::SchemaMigration Create (0.1ms)[0m  [1m[32mINSERT INTO "schema_migrations" ("version") VALUES ('20250121144609') RETURNING "version" /*application='ApiFablab'*/[0m
  [1m[36mTRANSACTION (6.0ms)[0m  [1m[35mCOMMIT TRANSACTION /*application='ApiFablab'*/[0m
  [1m[36mActiveRecord::SchemaMigration Load (0.1ms)[0m  [1m[34mSELECT "schema_migrations"."version" FROM "schema_migrations" ORDER BY "schema_migrations"."version" ASC /*application='ApiFablab'*/[0m
Started GET "/usuarios" for ::1 at 2025-01-21 11:47:09 -0300
  [1m[36mActiveRecord::SchemaMigration Load (0.3ms)[0m  [1m[34mSELECT "schema_migrations"."version" FROM "schema_migrations" ORDER BY "schema_migrations"."version" ASC /*application='ApiFablab'*/[0m
Processing by UsuariosController#index as */*
  [1m[36mUsuario Load (1.4ms)[0m  [1m[34mSELECT "usuarios".* FROM "usuarios" /*action='index',application='ApiFablab',controller='usuarios'*/[0m
  ↳ app/controllers/usuarios_controller.rb:8:in 'UsuariosController#index'
Completed 200 OK in 48ms (Views: 3.5ms | ActiveRecord: 1.4ms (1 query, 0 cached) | GC: 2.0ms)


Started POST "/usuarios" for ::1 at 2025-01-21 11:48:23 -0300
Processing by UsuariosController#create as */*
  Parameters: {"nome" => "Teste", "senha" => "123", "email" => "[FILTERED]", "cpf" => "12345678900", "data_nascimento" => "2014-12-01", "tipo" => "0", "usuario" => {"nome" => "Teste", "senha" => "123", "email" => "[FILTERED]", "cpf" => "12345678900", "data_nascimento" => "2014-12-01", "tipo" => "0"}}
Completed 500 Internal Server Error in 20ms (ActiveRecord: 1.7ms (0 queries, 0 cached) | GC: 3.6ms)


  
ArgumentError ('0' is not a valid tipo):
  
app/controllers/usuarios_controller.rb:18:in 'UsuariosController#create'
Started POST "/usuarios" for ::1 at 2025-01-21 11:48:44 -0300
Processing by UsuariosController#create as */*
  Parameters: {"nome" => "Teste", "senha" => "123", "email" => "[FILTERED]", "cpf" => "12345678900", "data_nascimento" => "2014-12-01", "tipo" => "Usuário", "usuario" => {"nome" => "Teste", "senha" => "123", "email" => "[FILTERED]", "cpf" => "12345678900", "data_nascimento" => "2014-12-01", "tipo" => "Usuário"}}
Completed 500 Internal Server Error in 2ms (ActiveRecord: 0.0ms (0 queries, 0 cached) | GC: 0.0ms)


  
ArgumentError ('Usuário' is not a valid tipo):
  
app/controllers/usuarios_controller.rb:18:in 'UsuariosController#create'
Started GET "/controllers/usuarios_controller.rb:18:in" for ::1 at 2025-01-21 11:48:59 -0300
  
ActionController::RoutingError (No route matches [GET] "/controllers/usuarios_controller.rb:18:in"):
  
Started GET "/favicon.ico" for ::1 at 2025-01-21 11:48:59 -0300
  
ActionController::RoutingError (No route matches [GET] "/favicon.ico"):
  
Started POST "/usuarios" for ::1 at 2025-01-21 11:55:04 -0300
Processing by UsuariosController#create as */*
  Parameters: {"nome" => "Teste", "senha" => "123", "email" => "[FILTERED]", "cpf" => "12345678900", "data_nascimento" => "2014-12-01", "tipo" => 0, "usuario" => {"nome" => "Teste", "senha" => "123", "email" => "[FILTERED]", "cpf" => "12345678900", "data_nascimento" => "2014-12-01", "tipo" => 0}}
  [1m[36mTRANSACTION (0.1ms)[0m  [1m[35mBEGIN immediate TRANSACTION /*action='create',application='ApiFablab',controller='usuarios'*/[0m
  ↳ app/controllers/usuarios_controller.rb:20:in 'UsuariosController#create'
  [1m[36mUsuario Create (4.7ms)[0m  [1m[32mINSERT INTO "usuarios" ("nome", "senha", "email", "cpf", "data_nascimento", "tipo", "created_at", "updated_at") VALUES ('Teste', '123', 'teste@gmail.com', '12345678900', '2014-12-01', '0', '2025-01-21 14:55:04.253775', '2025-01-21 14:55:04.253775') RETURNING "id" /*action='create',application='ApiFablab',controller='usuarios'*/[0m
  ↳ app/controllers/usuarios_controller.rb:20:in 'UsuariosController#create'
  [1m[36mTRANSACTION (3.6ms)[0m  [1m[35mCOMMIT TRANSACTION /*action='create',application='ApiFablab',controller='usuarios'*/[0m
  ↳ app/controllers/usuarios_controller.rb:20:in 'UsuariosController#create'
Completed 201 Created in 23ms (Views: 1.8ms | ActiveRecord: 8.4ms (1 query, 0 cached) | GC: 0.0ms)


Started GET "/usuarios" for ::1 at 2025-01-21 11:55:17 -0300
Processing by UsuariosController#index as */*
  [1m[36mUsuario Load (0.3ms)[0m  [1m[34mSELECT "usuarios".* FROM "usuarios" /*action='index',application='ApiFablab',controller='usuarios'*/[0m
  ↳ app/controllers/usuarios_controller.rb:8:in 'UsuariosController#index'
Completed 200 OK in 6ms (Views: 5.1ms | ActiveRecord: 0.3ms (1 query, 0 cached) | GC: 0.0ms)


Started PUT "/usuarios/1" for ::1 at 2025-01-21 11:56:14 -0300
Processing by UsuariosController#update as */*
  Parameters: {"id" => "1", "nome" => "Teste", "senha" => "123", "email" => "[FILTERED]", "cpf" => "12345678900", "data_nascimento" => "2014-12-01", "tipo" => 1, "usuario" => {"id" => "1", "nome" => "Teste", "senha" => "123", "email" => "[FILTERED]", "cpf" => "12345678900", "data_nascimento" => "2014-12-01", "tipo" => 1}}
  [1m[36mUsuario Load (1.6ms)[0m  [1m[34mSELECT "usuarios".* FROM "usuarios" WHERE "usuarios"."id" = 1 LIMIT 1 /*action='update',application='ApiFablab',controller='usuarios'*/[0m
  ↳ app/controllers/usuarios_controller.rb:44:in 'UsuariosController#set_usuario'
  [1m[36mTRANSACTION (0.1ms)[0m  [1m[35mBEGIN immediate TRANSACTION /*action='update',application='ApiFablab',controller='usuarios'*/[0m
  ↳ app/controllers/usuarios_controller.rb:29:in 'UsuariosController#update'
  [1m[36mUsuario Update (4.4ms)[0m  [1m[33mUPDATE "usuarios" SET "tipo" = '1', "updated_at" = '2025-01-21 14:56:14.412744' WHERE "usuarios"."id" = 1 /*action='update',application='ApiFablab',controller='usuarios'*/[0m
  ↳ app/controllers/usuarios_controller.rb:29:in 'UsuariosController#update'
  [1m[36mTRANSACTION (0.5ms)[0m  [1m[35mCOMMIT TRANSACTION /*action='update',application='ApiFablab',controller='usuarios'*/[0m
  ↳ app/controllers/usuarios_controller.rb:29:in 'UsuariosController#update'
Completed 200 OK in 45ms (Views: 1.2ms | ActiveRecord: 6.4ms (2 queries, 0 cached) | GC: 0.0ms)


Started GET "/usuarios" for ::1 at 2025-01-21 11:56:22 -0300
Processing by UsuariosController#index as */*
  [1m[36mUsuario Load (0.4ms)[0m  [1m[34mSELECT "usuarios".* FROM "usuarios" /*action='index',application='ApiFablab',controller='usuarios'*/[0m
  ↳ app/controllers/usuarios_controller.rb:8:in 'UsuariosController#index'
Completed 200 OK in 5ms (Views: 3.8ms | ActiveRecord: 0.4ms (1 query, 0 cached) | GC: 0.0ms)


  [1m[36mActiveRecord::InternalMetadata Load (0.1ms)[0m  [1m[34mSELECT * FROM "ar_internal_metadata" WHERE "ar_internal_metadata"."key" = 'environment' ORDER BY "ar_internal_metadata"."key" ASC LIMIT 1 /*application='ApiFablab'*/[0m
  [1m[36mActiveRecord::SchemaMigration Load (0.1ms)[0m  [1m[34mSELECT "schema_migrations"."version" FROM "schema_migrations" ORDER BY "schema_migrations"."version" ASC /*application='ApiFablab'*/[0m
Migrating to DropUsuario (20250121145744)
  [1m[36mTRANSACTION (0.1ms)[0m  [1m[35mBEGIN immediate TRANSACTION /*application='ApiFablab'*/[0m
  [1m[35m (1.2ms)[0m  [1m[35mDROP TABLE "Usuarios" /*application='ApiFablab'*/[0m
  [1m[36mActiveRecord::SchemaMigration Create (0.2ms)[0m  [1m[32mINSERT INTO "schema_migrations" ("version") VALUES ('20250121145744') RETURNING "version" /*application='ApiFablab'*/[0m
  [1m[36mTRANSACTION (5.0ms)[0m  [1m[35mCOMMIT TRANSACTION /*application='ApiFablab'*/[0m
  [1m[36mActiveRecord::SchemaMigration Load (0.1ms)[0m  [1m[34mSELECT "schema_migrations"."version" FROM "schema_migrations" ORDER BY "schema_migrations"."version" ASC /*application='ApiFablab'*/[0m
  [1m[36mActiveRecord::InternalMetadata Load (0.2ms)[0m  [1m[34mSELECT * FROM "ar_internal_metadata" WHERE "ar_internal_metadata"."key" = 'environment' ORDER BY "ar_internal_metadata"."key" ASC LIMIT 1 /*application='ApiFablab'*/[0m
  [1m[36mActiveRecord::SchemaMigration Load (0.1ms)[0m  [1m[34mSELECT "schema_migrations"."version" FROM "schema_migrations" ORDER BY "schema_migrations"."version" ASC /*application='ApiFablab'*/[0m
  [1m[36mActiveRecord::SchemaMigration Load (0.1ms)[0m  [1m[34mSELECT "schema_migrations"."version" FROM "schema_migrations" ORDER BY "schema_migrations"."version" ASC /*application='ApiFablab'*/[0m
  [1m[36mActiveRecord::InternalMetadata Load (1.0ms)[0m  [1m[34mSELECT * FROM "ar_internal_metadata" WHERE "ar_internal_metadata"."key" = 'environment' ORDER BY "ar_internal_metadata"."key" ASC LIMIT 1 /*application='ApiFablab'*/[0m
  [1m[36mActiveRecord::SchemaMigration Load (0.1ms)[0m  [1m[34mSELECT "schema_migrations"."version" FROM "schema_migrations" ORDER BY "schema_migrations"."version" ASC /*application='ApiFablab'*/[0m
Migrating to CreateUsuarios (20250121150032)
  [1m[36mTRANSACTION (0.2ms)[0m  [1m[35mBEGIN immediate TRANSACTION /*application='ApiFablab'*/[0m
  [1m[35m (2.1ms)[0m  [1m[35mCREATE TABLE "usuarios" ("id" integer PRIMARY KEY AUTOINCREMENT NOT NULL, "nome" varchar, "senha" varchar, "email" varchar, "cpf" varchar, "data_nascimento" date, "tipo" varchar DEFAULT 'Usuários', "created_at" datetime(6) NOT NULL, "updated_at" datetime(6) NOT NULL) /*application='ApiFablab'*/[0m
  [1m[36mActiveRecord::SchemaMigration Create (0.3ms)[0m  [1m[32mINSERT INTO "schema_migrations" ("version") VALUES ('20250121150032') RETURNING "version" /*application='ApiFablab'*/[0m
  [1m[36mTRANSACTION (3.8ms)[0m  [1m[35mCOMMIT TRANSACTION /*application='ApiFablab'*/[0m
  [1m[36mActiveRecord::SchemaMigration Load (0.0ms)[0m  [1m[34mSELECT "schema_migrations"."version" FROM "schema_migrations" ORDER BY "schema_migrations"."version" ASC /*application='ApiFablab'*/[0m
Started GET "/usuarios" for ::1 at 2025-01-21 12:01:40 -0300
  [1m[36mActiveRecord::SchemaMigration Load (0.9ms)[0m  [1m[34mSELECT "schema_migrations"."version" FROM "schema_migrations" ORDER BY "schema_migrations"."version" ASC /*application='ApiFablab'*/[0m
Processing by UsuariosController#index as */*
  [1m[36mUsuario Load (2.0ms)[0m  [1m[34mSELECT "usuarios".* FROM "usuarios" /*action='index',application='ApiFablab',controller='usuarios'*/[0m
  ↳ app/controllers/usuarios_controller.rb:8:in 'UsuariosController#index'
Completed 200 OK in 56ms (Views: 4.4ms | ActiveRecord: 2.2ms (1 query, 0 cached) | GC: 2.0ms)


Started POST "/usuarios" for ::1 at 2025-01-21 12:01:56 -0300
Processing by UsuariosController#create as */*
  Parameters: {"nome" => "Teste", "senha" => "123", "email" => "[FILTERED]", "cpf" => "12345678900", "data_nascimento" => "2014-12-01", "tipo" => "Usuários", "usuario" => {"nome" => "Teste", "senha" => "123", "email" => "[FILTERED]", "cpf" => "12345678900", "data_nascimento" => "2014-12-01", "tipo" => "Usuários"}}
Completed 500 Internal Server Error in 15ms (ActiveRecord: 1.0ms (0 queries, 0 cached) | GC: 1.5ms)


  
ArgumentError ('Usuários' is not a valid tipo):
  
app/controllers/usuarios_controller.rb:18:in 'UsuariosController#create'
Started POST "/usuarios" for ::1 at 2025-01-21 12:02:18 -0300
Processing by UsuariosController#create as */*
  Parameters: {"nome" => "Teste", "senha" => "123", "email" => "[FILTERED]", "cpf" => "12345678900", "data_nascimento" => "2014-12-01", "tipo" => "usuarios", "usuario" => {"nome" => "Teste", "senha" => "123", "email" => "[FILTERED]", "cpf" => "12345678900", "data_nascimento" => "2014-12-01", "tipo" => "usuarios"}}
Completed 500 Internal Server Error in 1ms (ActiveRecord: 0.0ms (0 queries, 0 cached) | GC: 0.0ms)


  
ArgumentError ('usuarios' is not a valid tipo):
  
app/controllers/usuarios_controller.rb:18:in 'UsuariosController#create'
Started POST "/usuarios" for ::1 at 2025-01-21 12:02:37 -0300
Processing by UsuariosController#create as */*
  Parameters: {"nome" => "Teste", "senha" => "123", "email" => "[FILTERED]", "cpf" => "12345678900", "data_nascimento" => "2014-12-01", "tipo" => "Usuário", "usuario" => {"nome" => "Teste", "senha" => "123", "email" => "[FILTERED]", "cpf" => "12345678900", "data_nascimento" => "2014-12-01", "tipo" => "Usuário"}}
  [1m[36mTRANSACTION (0.2ms)[0m  [1m[35mBEGIN immediate TRANSACTION /*action='create',application='ApiFablab',controller='usuarios'*/[0m
  ↳ app/controllers/usuarios_controller.rb:20:in 'UsuariosController#create'
  [1m[36mUsuario Create (2.1ms)[0m  [1m[32mINSERT INTO "usuarios" ("nome", "senha", "email", "cpf", "data_nascimento", "tipo", "created_at", "updated_at") VALUES ('Teste', '123', 'teste@gmail.com', '12345678900', '2014-12-01', 'Usuário', '2025-01-21 15:02:37.531274', '2025-01-21 15:02:37.531274') RETURNING "id" /*action='create',application='ApiFablab',controller='usuarios'*/[0m
  ↳ app/controllers/usuarios_controller.rb:20:in 'UsuariosController#create'
  [1m[36mTRANSACTION (5.6ms)[0m  [1m[35mCOMMIT TRANSACTION /*action='create',application='ApiFablab',controller='usuarios'*/[0m
  ↳ app/controllers/usuarios_controller.rb:20:in 'UsuariosController#create'
Completed 201 Created in 24ms (Views: 2.3ms | ActiveRecord: 7.8ms (1 query, 0 cached) | GC: 0.0ms)


Started GET "/usuarios" for ::1 at 2025-01-21 12:02:43 -0300
Processing by UsuariosController#index as */*
  [1m[36mUsuario Load (0.4ms)[0m  [1m[34mSELECT "usuarios".* FROM "usuarios" /*action='index',application='ApiFablab',controller='usuarios'*/[0m
  ↳ app/controllers/usuarios_controller.rb:8:in 'UsuariosController#index'
Completed 200 OK in 7ms (Views: 6.0ms | ActiveRecord: 0.4ms (1 query, 0 cached) | GC: 0.0ms)


Started PUT "/usuarios/1" for ::1 at 2025-01-21 12:03:21 -0300
Processing by UsuariosController#update as */*
  Parameters: {"id" => "1", "nome" => "Teste", "senha" => "123", "email" => "[FILTERED]", "cpf" => "12345678900", "data_nascimento" => "2014-12-01", "tipo" => "Aluno", "usuario" => {"id" => "1", "nome" => "Teste", "senha" => "123", "email" => "[FILTERED]", "cpf" => "12345678900", "data_nascimento" => "2014-12-01", "tipo" => "Aluno"}}
  [1m[36mUsuario Load (0.7ms)[0m  [1m[34mSELECT "usuarios".* FROM "usuarios" WHERE "usuarios"."id" = 1 LIMIT 1 /*action='update',application='ApiFablab',controller='usuarios'*/[0m
  ↳ app/controllers/usuarios_controller.rb:44:in 'UsuariosController#set_usuario'
  [1m[36mTRANSACTION (0.1ms)[0m  [1m[35mBEGIN immediate TRANSACTION /*action='update',application='ApiFablab',controller='usuarios'*/[0m
  ↳ app/controllers/usuarios_controller.rb:29:in 'UsuariosController#update'
  [1m[36mUsuario Update (3.6ms)[0m  [1m[33mUPDATE "usuarios" SET "tipo" = 'Aluno', "updated_at" = '2025-01-21 15:03:21.935078' WHERE "usuarios"."id" = 1 /*action='update',application='ApiFablab',controller='usuarios'*/[0m
  ↳ app/controllers/usuarios_controller.rb:29:in 'UsuariosController#update'
  [1m[36mTRANSACTION (0.4ms)[0m  [1m[35mCOMMIT TRANSACTION /*action='update',application='ApiFablab',controller='usuarios'*/[0m
  ↳ app/controllers/usuarios_controller.rb:29:in 'UsuariosController#update'
Completed 200 OK in 30ms (Views: 1.2ms | ActiveRecord: 4.5ms (2 queries, 0 cached) | GC: 0.0ms)


Started GET "/usuarios" for ::1 at 2025-01-21 12:03:28 -0300
Processing by UsuariosController#index as */*
  [1m[36mUsuario Load (0.3ms)[0m  [1m[34mSELECT "usuarios".* FROM "usuarios" /*action='index',application='ApiFablab',controller='usuarios'*/[0m
  ↳ app/controllers/usuarios_controller.rb:8:in 'UsuariosController#index'
Completed 200 OK in 6ms (Views: 5.5ms | ActiveRecord: 0.3ms (1 query, 0 cached) | GC: 0.0ms)


Started PUT "/usuarios/1" for ::1 at 2025-01-21 12:23:55 -0300
  [1m[36mActiveRecord::SchemaMigration Load (0.3ms)[0m  [1m[34mSELECT "schema_migrations"."version" FROM "schema_migrations" ORDER BY "schema_migrations"."version" ASC /*application='ApiFablab'*/[0m
Processing by UsuariosController#update as */*
  Parameters: {"id" => "1", "nome" => "Teste", "senha" => "123", "email" => "[FILTERED]", "cpf" => "12345678900", "data_nascimento" => "2014-12-01", "tipo" => "Aluno", "usuario" => {"id" => "1", "nome" => "Teste", "senha" => "123", "email" => "[FILTERED]", "cpf" => "12345678900", "data_nascimento" => "2014-12-01", "tipo" => "Aluno"}}
  [1m[36mUsuario Load (1.2ms)[0m  [1m[34mSELECT "usuarios".* FROM "usuarios" WHERE "usuarios"."id" = 1 LIMIT 1 /*action='update',application='ApiFablab',controller='usuarios'*/[0m
  ↳ app/controllers/usuarios_controller.rb:44:in 'UsuariosController#set_usuario'
Completed 200 OK in 9ms (Views: 1.0ms | ActiveRecord: 1.2ms (1 query, 0 cached) | GC: 0.0ms)


  [1m[36mActiveRecord::InternalMetadata Load (0.4ms)[0m  [1m[34mSELECT * FROM "ar_internal_metadata" WHERE "ar_internal_metadata"."key" = 'environment' ORDER BY "ar_internal_metadata"."key" ASC LIMIT 1 /*application='ApiFablab'*/[0m
  [1m[36mActiveRecord::SchemaMigration Load (0.2ms)[0m  [1m[34mSELECT "schema_migrations"."version" FROM "schema_migrations" ORDER BY "schema_migrations"."version" ASC /*application='ApiFablab'*/[0m
  [1m[36mActiveRecord::SchemaMigration Load (0.1ms)[0m  [1m[34mSELECT "schema_migrations"."version" FROM "schema_migrations" ORDER BY "schema_migrations"."version" ASC /*application='ApiFablab'*/[0m
Started POST "/usuarios" for ::1 at 2025-01-21 12:26:03 -0300
  [1m[36mActiveRecord::SchemaMigration Load (0.3ms)[0m  [1m[34mSELECT "schema_migrations"."version" FROM "schema_migrations" ORDER BY "schema_migrations"."version" ASC /*application='ApiFablab'*/[0m
Processing by UsuariosController#create as */*
  Parameters: {"nome" => "Silas", "senha" => "123", "email" => "[FILTERED]", "cpf" => "012345678900", "data_nascimento" => "2014-12-01", "tipo" => "Usuário", "usuario" => {"nome" => "Silas", "senha" => "123", "email" => "[FILTERED]", "cpf" => "012345678900", "data_nascimento" => "2014-12-01", "tipo" => "Usuário"}}
  [1m[36mTRANSACTION (0.1ms)[0m  [1m[35mBEGIN immediate TRANSACTION /*action='create',application='ApiFablab',controller='usuarios'*/[0m
  ↳ app/controllers/usuarios_controller.rb:20:in 'UsuariosController#create'
  [1m[36mUsuario Create (5.0ms)[0m  [1m[32mINSERT INTO "usuarios" ("nome", "senha", "email", "cpf", "data_nascimento", "tipo", "created_at", "updated_at") VALUES ('Silas', '123', 'silas@gmail.com', '012345678900', '2014-12-01', 'Usuário', '2025-01-21 15:26:03.811502', '2025-01-21 15:26:03.811502') RETURNING "id" /*action='create',application='ApiFablab',controller='usuarios'*/[0m
  ↳ app/controllers/usuarios_controller.rb:20:in 'UsuariosController#create'
  [1m[36mTRANSACTION (4.3ms)[0m  [1m[35mCOMMIT TRANSACTION /*action='create',application='ApiFablab',controller='usuarios'*/[0m
  ↳ app/controllers/usuarios_controller.rb:20:in 'UsuariosController#create'
Completed 201 Created in 43ms (Views: 1.3ms | ActiveRecord: 12.3ms (1 query, 0 cached) | GC: 2.4ms)


Started GET "/usuarios" for ::1 at 2025-01-21 12:26:16 -0300
Processing by UsuariosController#index as */*
  [1m[36mUsuario Load (1.1ms)[0m  [1m[34mSELECT "usuarios".* FROM "usuarios" /*action='index',application='ApiFablab',controller='usuarios'*/[0m
  ↳ app/controllers/usuarios_controller.rb:8:in 'UsuariosController#index'
Completed 200 OK in 19ms (Views: 5.6ms | ActiveRecord: 0.9ms (1 query, 0 cached) | GC: 0.0ms)


  [1m[36mActiveRecord::InternalMetadata Load (0.9ms)[0m  [1m[34mSELECT * FROM "ar_internal_metadata" WHERE "ar_internal_metadata"."key" = 'environment' ORDER BY "ar_internal_metadata"."key" ASC LIMIT 1 /*application='ApiFablab'*/[0m
  [1m[36mActiveRecord::SchemaMigration Load (0.1ms)[0m  [1m[34mSELECT "schema_migrations"."version" FROM "schema_migrations" ORDER BY "schema_migrations"."version" ASC /*application='ApiFablab'*/[0m
Migrating to DropUsuario (20250121155640)
  [1m[36mTRANSACTION (0.1ms)[0m  [1m[35mBEGIN immediate TRANSACTION /*application='ApiFablab'*/[0m
  [1m[35m (2.4ms)[0m  [1m[35mDROP TABLE "Usuarios" /*application='ApiFablab'*/[0m
  [1m[36mActiveRecord::SchemaMigration Create (0.2ms)[0m  [1m[32mINSERT INTO "schema_migrations" ("version") VALUES ('20250121155640') RETURNING "version" /*application='ApiFablab'*/[0m
  [1m[36mTRANSACTION (5.9ms)[0m  [1m[35mCOMMIT TRANSACTION /*application='ApiFablab'*/[0m
  [1m[36mActiveRecord::SchemaMigration Load (0.2ms)[0m  [1m[34mSELECT "schema_migrations"."version" FROM "schema_migrations" ORDER BY "schema_migrations"."version" ASC /*application='ApiFablab'*/[0m
  [1m[36mActiveRecord::InternalMetadata Load (0.1ms)[0m  [1m[34mSELECT * FROM "ar_internal_metadata" WHERE "ar_internal_metadata"."key" = 'environment' ORDER BY "ar_internal_metadata"."key" ASC LIMIT 1 /*application='ApiFablab'*/[0m
  [1m[36mActiveRecord::SchemaMigration Load (0.1ms)[0m  [1m[34mSELECT "schema_migrations"."version" FROM "schema_migrations" ORDER BY "schema_migrations"."version" ASC /*application='ApiFablab'*/[0m
Migrating to CreateUsuarios (20250121155713)
  [1m[36mActiveRecord::InternalMetadata Load (0.9ms)[0m  [1m[34mSELECT * FROM "ar_internal_metadata" WHERE "ar_internal_metadata"."key" = 'environment' ORDER BY "ar_internal_metadata"."key" ASC LIMIT 1 /*application='ApiFablab'*/[0m
  [1m[36mActiveRecord::SchemaMigration Load (0.1ms)[0m  [1m[34mSELECT "schema_migrations"."version" FROM "schema_migrations" ORDER BY "schema_migrations"."version" ASC /*application='ApiFablab'*/[0m
Migrating to CreateUsuarios (20250121155713)
  [1m[36mTRANSACTION (0.1ms)[0m  [1m[35mBEGIN immediate TRANSACTION /*application='ApiFablab'*/[0m
  [1m[35m (2.0ms)[0m  [1m[35mCREATE TABLE "usuarios" ("id" integer PRIMARY KEY AUTOINCREMENT NOT NULL, "nome" varchar(100), "senha" varchar, "email" varchar(100), "cpf" varchar(11), "data_nascimento" date, "tipo" varchar DEFAULT 'Usuários', "created_at" datetime(6) NOT NULL, "updated_at" datetime(6) NOT NULL) /*application='ApiFablab'*/[0m
  [1m[36mActiveRecord::SchemaMigration Create (0.5ms)[0m  [1m[32mINSERT INTO "schema_migrations" ("version") VALUES ('20250121155713') RETURNING "version" /*application='ApiFablab'*/[0m
  [1m[36mTRANSACTION (4.6ms)[0m  [1m[35mCOMMIT TRANSACTION /*application='ApiFablab'*/[0m
  [1m[36mActiveRecord::SchemaMigration Load (0.2ms)[0m  [1m[34mSELECT "schema_migrations"."version" FROM "schema_migrations" ORDER BY "schema_migrations"."version" ASC /*application='ApiFablab'*/[0m
Started GET "/usuarios" for ::1 at 2025-01-21 13:06:54 -0300
  [1m[36mActiveRecord::SchemaMigration Load (0.3ms)[0m  [1m[34mSELECT "schema_migrations"."version" FROM "schema_migrations" ORDER BY "schema_migrations"."version" ASC /*application='ApiFablab'*/[0m
Processing by UsuariosController#index as */*
  [1m[36mUsuario Load (1.9ms)[0m  [1m[34mSELECT "usuarios".* FROM "usuarios" /*action='index',application='ApiFablab',controller='usuarios'*/[0m
  ↳ app/controllers/usuarios_controller.rb:8:in 'UsuariosController#index'
Completed 200 OK in 49ms (Views: 3.5ms | ActiveRecord: 2.1ms (1 query, 0 cached) | GC: 2.3ms)


Started POST "/usuarios" for ::1 at 2025-01-21 13:07:10 -0300
Processing by UsuariosController#create as */*
  Parameters: {"nome" => "Silas", "senha" => "123", "email" => "[FILTERED]", "cpf" => "012345678900", "data_nascimento" => "2014-12-01", "tipo" => "Usuário", "usuario" => {"nome" => "Silas", "senha" => "123", "email" => "[FILTERED]", "cpf" => "012345678900", "data_nascimento" => "2014-12-01", "tipo" => "Usuário"}}
  [1m[36mTRANSACTION (0.2ms)[0m  [1m[35mBEGIN immediate TRANSACTION /*action='create',application='ApiFablab',controller='usuarios'*/[0m
  ↳ app/controllers/usuarios_controller.rb:20:in 'UsuariosController#create'
  [1m[36mUsuario Create (2.2ms)[0m  [1m[32mINSERT INTO "usuarios" ("nome", "senha", "email", "cpf", "data_nascimento", "tipo", "created_at", "updated_at") VALUES ('Silas', '123', 'silas@gmail.com', '012345678900', '2014-12-01', 'Usuário', '2025-01-21 16:07:10.712863', '2025-01-21 16:07:10.712863') RETURNING "id" /*action='create',application='ApiFablab',controller='usuarios'*/[0m
  ↳ app/controllers/usuarios_controller.rb:20:in 'UsuariosController#create'
  [1m[36mTRANSACTION (6.3ms)[0m  [1m[35mCOMMIT TRANSACTION /*action='create',application='ApiFablab',controller='usuarios'*/[0m
  ↳ app/controllers/usuarios_controller.rb:20:in 'UsuariosController#create'
Completed 201 Created in 28ms (Views: 0.8ms | ActiveRecord: 9.3ms (1 query, 0 cached) | GC: 1.1ms)


Started GET "/usuarios" for ::1 at 2025-01-21 13:07:23 -0300
Processing by UsuariosController#index as */*
  [1m[36mUsuario Load (0.3ms)[0m  [1m[34mSELECT "usuarios".* FROM "usuarios" /*action='index',application='ApiFablab',controller='usuarios'*/[0m
  ↳ app/controllers/usuarios_controller.rb:8:in 'UsuariosController#index'
Completed 200 OK in 4ms (Views: 3.4ms | ActiveRecord: 0.3ms (1 query, 0 cached) | GC: 0.0ms)


  [1m[36mActiveRecord::InternalMetadata Load (0.9ms)[0m  [1m[34mSELECT * FROM "ar_internal_metadata" WHERE "ar_internal_metadata"."key" = 'environment' ORDER BY "ar_internal_metadata"."key" ASC LIMIT 1 /*application='ApiFablab'*/[0m
  [1m[36mActiveRecord::SchemaMigration Load (0.1ms)[0m  [1m[34mSELECT "schema_migrations"."version" FROM "schema_migrations" ORDER BY "schema_migrations"."version" ASC /*application='ApiFablab'*/[0m
Migrating to DropUsuario (20250121164511)
  [1m[36mTRANSACTION (0.1ms)[0m  [1m[35mBEGIN immediate TRANSACTION /*application='ApiFablab'*/[0m
  [1m[35m (1.5ms)[0m  [1m[35mDROP TABLE "Usuarios" /*application='ApiFablab'*/[0m
  [1m[36mActiveRecord::SchemaMigration Create (0.1ms)[0m  [1m[32mINSERT INTO "schema_migrations" ("version") VALUES ('20250121164511') RETURNING "version" /*application='ApiFablab'*/[0m
  [1m[36mTRANSACTION (4.8ms)[0m  [1m[35mCOMMIT TRANSACTION /*application='ApiFablab'*/[0m
  [1m[36mActiveRecord::SchemaMigration Load (0.0ms)[0m  [1m[34mSELECT "schema_migrations"."version" FROM "schema_migrations" ORDER BY "schema_migrations"."version" ASC /*application='ApiFablab'*/[0m
  [1m[36mActiveRecord::InternalMetadata Load (1.0ms)[0m  [1m[34mSELECT * FROM "ar_internal_metadata" WHERE "ar_internal_metadata"."key" = 'environment' ORDER BY "ar_internal_metadata"."key" ASC LIMIT 1 /*application='ApiFablab'*/[0m
  [1m[36mActiveRecord::SchemaMigration Load (0.2ms)[0m  [1m[34mSELECT "schema_migrations"."version" FROM "schema_migrations" ORDER BY "schema_migrations"."version" ASC /*application='ApiFablab'*/[0m
Migrating to CreateUsuarios (20250121164544)
  [1m[36mTRANSACTION (0.1ms)[0m  [1m[35mBEGIN immediate TRANSACTION /*application='ApiFablab'*/[0m
  [1m[35m (2.3ms)[0m  [1m[35mCREATE TABLE "usuarios" ("id" integer PRIMARY KEY AUTOINCREMENT NOT NULL, "nome" varchar(100), "senha" varchar, "email" varchar(100), "cpf" varchar(11), "data_nascimento" date, "tipo" varchar DEFAULT 'Usuários', "created_at" datetime(6) NOT NULL, "updated_at" datetime(6) NOT NULL) /*application='ApiFablab'*/[0m
  [1m[36mActiveRecord::SchemaMigration Create (0.3ms)[0m  [1m[32mINSERT INTO "schema_migrations" ("version") VALUES ('20250121164544') RETURNING "version" /*application='ApiFablab'*/[0m
  [1m[36mTRANSACTION (4.7ms)[0m  [1m[35mCOMMIT TRANSACTION /*application='ApiFablab'*/[0m
  [1m[36mActiveRecord::SchemaMigration Load (0.1ms)[0m  [1m[34mSELECT "schema_migrations"."version" FROM "schema_migrations" ORDER BY "schema_migrations"."version" ASC /*application='ApiFablab'*/[0m
Started GET "/usuarios" for ::1 at 2025-01-21 14:15:32 -0300
  [1m[36mActiveRecord::SchemaMigration Load (0.4ms)[0m  [1m[34mSELECT "schema_migrations"."version" FROM "schema_migrations" ORDER BY "schema_migrations"."version" ASC /*application='ApiFablab'*/[0m
Processing by UsuariosController#index as */*
  [1m[36mUsuario Load (1.2ms)[0m  [1m[34mSELECT "usuarios".* FROM "usuarios" /*action='index',application='ApiFablab',controller='usuarios'*/[0m
  ↳ app/controllers/usuarios_controller.rb:8:in 'UsuariosController#index'
Completed 200 OK in 51ms (Views: 3.3ms | ActiveRecord: 1.3ms (1 query, 0 cached) | GC: 0.0ms)


Started POST "/usuarios" for ::1 at 2025-01-21 14:15:38 -0300
Processing by UsuariosController#create as */*
  Parameters: {"nome" => "Silas", "senha" => "123", "email" => "[FILTERED]", "cpf" => "012345678900", "data_nascimento" => "2014-12-01", "tipo" => "Usuário", "usuario" => {"nome" => "Silas", "senha" => "123", "email" => "[FILTERED]", "cpf" => "012345678900", "data_nascimento" => "2014-12-01", "tipo" => "Usuário"}}
  [1m[36mTRANSACTION (0.3ms)[0m  [1m[35mBEGIN immediate TRANSACTION /*action='create',application='ApiFablab',controller='usuarios'*/[0m
  ↳ app/controllers/usuarios_controller.rb:20:in 'UsuariosController#create'
  [1m[36mUsuario Create (3.0ms)[0m  [1m[32mINSERT INTO "usuarios" ("nome", "senha", "email", "cpf", "data_nascimento", "tipo", "created_at", "updated_at") VALUES ('Silas', '123', 'silas@gmail.com', '012345678900', '2014-12-01', 'Usuário', '2025-01-21 17:15:38.126884', '2025-01-21 17:15:38.126884') RETURNING "id" /*action='create',application='ApiFablab',controller='usuarios'*/[0m
  ↳ app/controllers/usuarios_controller.rb:20:in 'UsuariosController#create'
  [1m[36mTRANSACTION (7.1ms)[0m  [1m[35mCOMMIT TRANSACTION /*action='create',application='ApiFablab',controller='usuarios'*/[0m
  ↳ app/controllers/usuarios_controller.rb:20:in 'UsuariosController#create'
Completed 201 Created in 28ms (Views: 2.2ms | ActiveRecord: 11.5ms (1 query, 0 cached) | GC: 0.0ms)


Started GET "/usuarios" for ::1 at 2025-01-21 14:16:06 -0300
Processing by UsuariosController#index as */*
  [1m[36mUsuario Load (0.3ms)[0m  [1m[34mSELECT "usuarios".* FROM "usuarios" /*action='index',application='ApiFablab',controller='usuarios'*/[0m
  ↳ app/controllers/usuarios_controller.rb:8:in 'UsuariosController#index'
Completed 200 OK in 4ms (Views: 3.6ms | ActiveRecord: 0.3ms (1 query, 0 cached) | GC: 0.0ms)


Started PUT "/usuarios/1" for ::1 at 2025-01-21 14:18:33 -0300
Processing by UsuariosController#update as */*
  Parameters: {"id" => "1", "nome" => "Teste", "senha" => "123", "email" => "[FILTERED]", "cpf" => "12345678900", "data_nascimento" => "2014-12-01", "tipo" => "Aluno", "usuario" => {"id" => "1", "nome" => "Teste", "senha" => "123", "email" => "[FILTERED]", "cpf" => "12345678900", "data_nascimento" => "2014-12-01", "tipo" => "Aluno"}}
  [1m[36mUsuario Load (0.6ms)[0m  [1m[34mSELECT "usuarios".* FROM "usuarios" WHERE "usuarios"."id" = 1 LIMIT 1 /*action='update',application='ApiFablab',controller='usuarios'*/[0m
  ↳ app/controllers/usuarios_controller.rb:44:in 'UsuariosController#set_usuario'
  [1m[36mTRANSACTION (0.1ms)[0m  [1m[35mBEGIN immediate TRANSACTION /*action='update',application='ApiFablab',controller='usuarios'*/[0m
  ↳ app/controllers/usuarios_controller.rb:29:in 'UsuariosController#update'
  [1m[36mUsuario Update (2.6ms)[0m  [1m[33mUPDATE "usuarios" SET "nome" = 'Teste', "email" = 'teste@gmail.com', "cpf" = '12345678900', "tipo" = 'Aluno', "updated_at" = '2025-01-21 17:18:33.154075' WHERE "usuarios"."id" = 1 /*action='update',application='ApiFablab',controller='usuarios'*/[0m
  ↳ app/controllers/usuarios_controller.rb:29:in 'UsuariosController#update'
  [1m[36mTRANSACTION (0.9ms)[0m  [1m[35mCOMMIT TRANSACTION /*action='update',application='ApiFablab',controller='usuarios'*/[0m
  ↳ app/controllers/usuarios_controller.rb:29:in 'UsuariosController#update'
Completed 200 OK in 31ms (Views: 0.6ms | ActiveRecord: 4.0ms (2 queries, 0 cached) | GC: 0.0ms)


Started GET "/usuarios" for ::1 at 2025-01-21 14:18:41 -0300
Processing by UsuariosController#index as */*
  [1m[36mUsuario Load (0.4ms)[0m  [1m[34mSELECT "usuarios".* FROM "usuarios" /*action='index',application='ApiFablab',controller='usuarios'*/[0m
  ↳ app/controllers/usuarios_controller.rb:8:in 'UsuariosController#index'
Completed 200 OK in 4ms (Views: 2.9ms | ActiveRecord: 0.4ms (1 query, 0 cached) | GC: 0.0ms)


Started PUT "/usuarios/1" for ::1 at 2025-01-21 14:19:03 -0300
Processing by UsuariosController#update as */*
  Parameters: {"id" => "1", "nome" => "Teste", "senha" => "123", "email" => "[FILTERED]", "cpf" => "12345678900", "data_nascimento" => "2014-12-01", "tipo" => "Admin", "usuario" => {"id" => "1", "nome" => "Teste", "senha" => "123", "email" => "[FILTERED]", "cpf" => "12345678900", "data_nascimento" => "2014-12-01", "tipo" => "Admin"}}
  [1m[36mUsuario Load (0.8ms)[0m  [1m[34mSELECT "usuarios".* FROM "usuarios" WHERE "usuarios"."id" = 1 LIMIT 1 /*action='update',application='ApiFablab',controller='usuarios'*/[0m
  ↳ app/controllers/usuarios_controller.rb:44:in 'UsuariosController#set_usuario'
  [1m[36mTRANSACTION (0.1ms)[0m  [1m[35mBEGIN immediate TRANSACTION /*action='update',application='ApiFablab',controller='usuarios'*/[0m
  ↳ app/controllers/usuarios_controller.rb:29:in 'UsuariosController#update'
  [1m[36mUsuario Update (5.7ms)[0m  [1m[33mUPDATE "usuarios" SET "tipo" = 'Admin', "updated_at" = '2025-01-21 17:19:03.014239' WHERE "usuarios"."id" = 1 /*action='update',application='ApiFablab',controller='usuarios'*/[0m
  ↳ app/controllers/usuarios_controller.rb:29:in 'UsuariosController#update'
  [1m[36mTRANSACTION (0.3ms)[0m  [1m[35mCOMMIT TRANSACTION /*action='update',application='ApiFablab',controller='usuarios'*/[0m
  ↳ app/controllers/usuarios_controller.rb:29:in 'UsuariosController#update'
Completed 200 OK in 16ms (Views: 1.5ms | ActiveRecord: 6.5ms (2 queries, 0 cached) | GC: 0.0ms)


Started GET "/usuarios" for ::1 at 2025-01-21 14:19:08 -0300
Processing by UsuariosController#index as */*
  [1m[36mUsuario Load (0.3ms)[0m  [1m[34mSELECT "usuarios".* FROM "usuarios" /*action='index',application='ApiFablab',controller='usuarios'*/[0m
  ↳ app/controllers/usuarios_controller.rb:8:in 'UsuariosController#index'
Completed 200 OK in 3ms (Views: 2.8ms | ActiveRecord: 0.3ms (1 query, 0 cached) | GC: 0.0ms)


  [1m[36mActiveRecord::InternalMetadata Load (0.6ms)[0m  [1m[34mSELECT * FROM "ar_internal_metadata" WHERE "ar_internal_metadata"."key" = 'environment' ORDER BY "ar_internal_metadata"."key" ASC LIMIT 1 /*application='ApiFablab'*/[0m
  [1m[36mActiveRecord::SchemaMigration Load (0.1ms)[0m  [1m[34mSELECT "schema_migrations"."version" FROM "schema_migrations" ORDER BY "schema_migrations"."version" ASC /*application='ApiFablab'*/[0m
Migrating to DropUsuario (20250121172936)
  [1m[36mTRANSACTION (0.1ms)[0m  [1m[35mBEGIN immediate TRANSACTION /*application='ApiFablab'*/[0m
  [1m[35m (2.0ms)[0m  [1m[35mDROP TABLE "Usuarios" /*application='ApiFablab'*/[0m
  [1m[36mActiveRecord::SchemaMigration Create (0.2ms)[0m  [1m[32mINSERT INTO "schema_migrations" ("version") VALUES ('20250121172936') RETURNING "version" /*application='ApiFablab'*/[0m
  [1m[36mTRANSACTION (4.7ms)[0m  [1m[35mCOMMIT TRANSACTION /*application='ApiFablab'*/[0m
  [1m[36mActiveRecord::SchemaMigration Load (0.1ms)[0m  [1m[34mSELECT "schema_migrations"."version" FROM "schema_migrations" ORDER BY "schema_migrations"."version" ASC /*application='ApiFablab'*/[0m
  [1m[36mActiveRecord::InternalMetadata Load (0.1ms)[0m  [1m[34mSELECT * FROM "ar_internal_metadata" WHERE "ar_internal_metadata"."key" = 'environment' ORDER BY "ar_internal_metadata"."key" ASC LIMIT 1 /*application='ApiFablab'*/[0m
  [1m[36mActiveRecord::SchemaMigration Load (0.1ms)[0m  [1m[34mSELECT "schema_migrations"."version" FROM "schema_migrations" ORDER BY "schema_migrations"."version" ASC /*application='ApiFablab'*/[0m
Migrating to CreateUsuarios (20250121173017)
  [1m[36mTRANSACTION (0.0ms)[0m  [1m[35mBEGIN immediate TRANSACTION /*application='ApiFablab'*/[0m
  [1m[35m (1.1ms)[0m  [1m[35mCREATE TABLE "usuarios" ("id" integer PRIMARY KEY AUTOINCREMENT NOT NULL, "nome" varchar(100), "senha" varchar, "email" varchar(100), "cpf" varchar(11), "data_nascimento" date, "tipo" varchar DEFAULT 'Usuários', "created_at" datetime(6) NOT NULL, "updated_at" datetime(6) NOT NULL) /*application='ApiFablab'*/[0m
  [1m[36mActiveRecord::SchemaMigration Create (0.1ms)[0m  [1m[32mINSERT INTO "schema_migrations" ("version") VALUES ('20250121173017') RETURNING "version" /*application='ApiFablab'*/[0m
  [1m[36mTRANSACTION (3.7ms)[0m  [1m[35mCOMMIT TRANSACTION /*application='ApiFablab'*/[0m
  [1m[36mActiveRecord::SchemaMigration Load (0.1ms)[0m  [1m[34mSELECT "schema_migrations"."version" FROM "schema_migrations" ORDER BY "schema_migrations"."version" ASC /*application='ApiFablab'*/[0m
Started POST "/usuarios" for ::1 at 2025-01-21 14:31:20 -0300
  [1m[36mActiveRecord::SchemaMigration Load (0.5ms)[0m  [1m[34mSELECT "schema_migrations"."version" FROM "schema_migrations" ORDER BY "schema_migrations"."version" ASC /*application='ApiFablab'*/[0m
Processing by UsuariosController#create as */*
  Parameters: {"nome" => "Silas", "senha" => "123", "email" => "[FILTERED]", "cpf" => "012345678900", "data_nascimento" => "2014-12-01", "tipo" => "Usuário", "usuario" => {"nome" => "Silas", "senha" => "123", "email" => "[FILTERED]", "cpf" => "012345678900", "data_nascimento" => "2014-12-01", "tipo" => "Usuário"}}
  [1m[36mTRANSACTION (0.1ms)[0m  [1m[35mBEGIN immediate TRANSACTION /*action='create',application='ApiFablab',controller='usuarios'*/[0m
  ↳ app/controllers/usuarios_controller.rb:20:in 'UsuariosController#create'
  [1m[36mUsuario Create (2.7ms)[0m  [1m[32mINSERT INTO "usuarios" ("nome", "senha", "email", "cpf", "data_nascimento", "tipo", "created_at", "updated_at") VALUES ('Silas', '123', 'silas@gmail.com', '012345678900', '2014-12-01', 'Usuário', '2025-01-21 17:31:20.623005', '2025-01-21 17:31:20.623005') RETURNING "id" /*action='create',application='ApiFablab',controller='usuarios'*/[0m
  ↳ app/controllers/usuarios_controller.rb:20:in 'UsuariosController#create'
  [1m[36mTRANSACTION (4.1ms)[0m  [1m[35mCOMMIT TRANSACTION /*action='create',application='ApiFablab',controller='usuarios'*/[0m
  ↳ app/controllers/usuarios_controller.rb:20:in 'UsuariosController#create'
Completed 201 Created in 41ms (Views: 1.5ms | ActiveRecord: 9.3ms (1 query, 0 cached) | GC: 0.0ms)


Started GET "/usuarios" for ::1 at 2025-01-21 14:31:26 -0300
Processing by UsuariosController#index as */*
  [1m[36mUsuario Load (0.3ms)[0m  [1m[34mSELECT "usuarios".* FROM "usuarios" /*action='index',application='ApiFablab',controller='usuarios'*/[0m
  ↳ app/controllers/usuarios_controller.rb:8:in 'UsuariosController#index'
Completed 200 OK in 15ms (Views: 4.0ms | ActiveRecord: 0.3ms (1 query, 0 cached) | GC: 0.0ms)


  [1m[36mActiveRecord::InternalMetadata Load (0.8ms)[0m  [1m[34mSELECT * FROM "ar_internal_metadata" WHERE "ar_internal_metadata"."key" = 'environment' ORDER BY "ar_internal_metadata"."key" ASC LIMIT 1 /*application='ApiFablab'*/[0m
  [1m[36mActiveRecord::SchemaMigration Load (0.1ms)[0m  [1m[34mSELECT "schema_migrations"."version" FROM "schema_migrations" ORDER BY "schema_migrations"."version" ASC /*application='ApiFablab'*/[0m
Migrating to CreateMaquinas (20250121182636)
  [1m[36mTRANSACTION (0.1ms)[0m  [1m[35mBEGIN immediate TRANSACTION /*application='ApiFablab'*/[0m
  [1m[35m (1.7ms)[0m  [1m[35mCREATE TABLE "maquinas" ("id" integer PRIMARY KEY AUTOINCREMENT NOT NULL, "apelido" varchar(50), "nome_tecnico" varchar(100), "imagem" varchar, "descricao" text, "created_at" datetime(6) NOT NULL, "updated_at" datetime(6) NOT NULL) /*application='ApiFablab'*/[0m
  [1m[36mActiveRecord::SchemaMigration Create (0.2ms)[0m  [1m[32mINSERT INTO "schema_migrations" ("version") VALUES ('20250121182636') RETURNING "version" /*application='ApiFablab'*/[0m
  [1m[36mTRANSACTION (4.4ms)[0m  [1m[35mCOMMIT TRANSACTION /*application='ApiFablab'*/[0m
  [1m[36mActiveRecord::SchemaMigration Load (0.1ms)[0m  [1m[34mSELECT "schema_migrations"."version" FROM "schema_migrations" ORDER BY "schema_migrations"."version" ASC /*application='ApiFablab'*/[0m
Started GET "/maquinas" for ::1 at 2025-01-21 16:37:34 -0300
  [1m[36mActiveRecord::SchemaMigration Load (0.3ms)[0m  [1m[34mSELECT "schema_migrations"."version" FROM "schema_migrations" ORDER BY "schema_migrations"."version" ASC /*application='ApiFablab'*/[0m
Processing by MaquinasController#index as */*
  [1m[36mMaquina Load (2.8ms)[0m  [1m[34mSELECT "maquinas".* FROM "maquinas" /*action='index',application='ApiFablab',controller='maquinas'*/[0m
  ↳ app/controllers/maquinas_controller.rb:8:in 'MaquinasController#index'
Completed 200 OK in 41ms (Views: 2.7ms | ActiveRecord: 2.9ms (1 query, 0 cached) | GC: 0.0ms)


Started POST "/maquinas" for ::1 at 2025-01-21 16:41:12 -0300
Processing by MaquinasController#create as */*
  Parameters: {"apelido" => "Becky", "nome_tecnico" => "Impressora 3D blá blá blá", "imagem" => "http://foto_becky", "descricao" => "Impressora 3D do ano DD/MM/AAAA", "maquina" => {"apelido" => "Becky", "nome_tecnico" => "Impressora 3D blá blá blá", "imagem" => "http://foto_becky", "descricao" => "Impressora 3D do ano DD/MM/AAAA"}}
  [1m[36mTRANSACTION (0.1ms)[0m  [1m[35mBEGIN immediate TRANSACTION /*action='create',application='ApiFablab',controller='maquinas'*/[0m
  ↳ app/controllers/maquinas_controller.rb:20:in 'MaquinasController#create'
  [1m[36mMaquina Create (4.1ms)[0m  [1m[32mINSERT INTO "maquinas" ("apelido", "nome_tecnico", "imagem", "descricao", "created_at", "updated_at") VALUES ('Becky', 'Impressora 3D blá blá blá', 'http://foto_becky', 'Impressora 3D do ano DD/MM/AAAA', '2025-01-21 19:41:12.131870', '2025-01-21 19:41:12.131870') RETURNING "id" /*action='create',application='ApiFablab',controller='maquinas'*/[0m
  ↳ app/controllers/maquinas_controller.rb:20:in 'MaquinasController#create'
  [1m[36mTRANSACTION (3.9ms)[0m  [1m[35mCOMMIT TRANSACTION /*action='create',application='ApiFablab',controller='maquinas'*/[0m
  ↳ app/controllers/maquinas_controller.rb:20:in 'MaquinasController#create'
Completed 201 Created in 37ms (Views: 1.9ms | ActiveRecord: 10.2ms (1 query, 0 cached) | GC: 0.0ms)


Started GET "/maquinas" for ::1 at 2025-01-21 16:41:18 -0300
Processing by MaquinasController#index as */*
  [1m[36mMaquina Load (0.3ms)[0m  [1m[34mSELECT "maquinas".* FROM "maquinas" /*action='index',application='ApiFablab',controller='maquinas'*/[0m
  ↳ app/controllers/maquinas_controller.rb:8:in 'MaquinasController#index'
Completed 200 OK in 4ms (Views: 3.7ms | ActiveRecord: 0.3ms (1 query, 0 cached) | GC: 0.0ms)


Started GET "/usuarios" for ::1 at 2025-01-27 18:07:05 -0300
  [1m[36mActiveRecord::SchemaMigration Load (1.2ms)[0m  [1m[34mSELECT "schema_migrations"."version" FROM "schema_migrations" ORDER BY "schema_migrations"."version" ASC /*application='ApiFablab'*/[0m
Processing by UsuariosController#index as */*
  [1m[36mUsuario Load (4.7ms)[0m  [1m[34mSELECT "usuarios".* FROM "usuarios" /*action='index',application='ApiFablab',controller='usuarios'*/[0m
  ↳ app/controllers/usuarios_controller.rb:8:in 'UsuariosController#index'
Completed 200 OK in 76ms (Views: 29.7ms | ActiveRecord: 6.4ms (1 query, 0 cached) | GC: 4.0ms)


Started GET "/maquinas" for ::1 at 2025-01-27 18:07:20 -0300
Processing by MaquinasController#index as */*
  [1m[36mMaquina Load (0.4ms)[0m  [1m[34mSELECT "maquinas".* FROM "maquinas" /*action='index',application='ApiFablab',controller='maquinas'*/[0m
  ↳ app/controllers/maquinas_controller.rb:8:in 'MaquinasController#index'
Completed 200 OK in 17ms (Views: 12.6ms | ActiveRecord: 1.0ms (1 query, 0 cached) | GC: 0.0ms)


  [1m[36mActiveRecord::InternalMetadata Load (1.0ms)[0m  [1m[34mSELECT * FROM "ar_internal_metadata" WHERE "ar_internal_metadata"."key" = 'environment' ORDER BY "ar_internal_metadata"."key" ASC LIMIT 1 /*application='ApiFablab'*/[0m
  [1m[36mActiveRecord::SchemaMigration Load (0.2ms)[0m  [1m[34mSELECT "schema_migrations"."version" FROM "schema_migrations" ORDER BY "schema_migrations"."version" ASC /*application='ApiFablab'*/[0m
  [1m[36mActiveRecord::SchemaMigration Load (0.1ms)[0m  [1m[34mSELECT "schema_migrations"."version" FROM "schema_migrations" ORDER BY "schema_migrations"."version" ASC /*application='ApiFablab'*/[0m
Started GET "/usuarios" for ::1 at 2025-01-28 11:03:27 -0300
  [1m[36mActiveRecord::SchemaMigration Load (0.5ms)[0m  [1m[34mSELECT "schema_migrations"."version" FROM "schema_migrations" ORDER BY "schema_migrations"."version" ASC /*application='ApiFablab'*/[0m
  
ActionController::RoutingError (No route matches [GET] "/usuarios"):
  
Started GET "/api/v1/usuarios" for ::1 at 2025-01-28 11:04:10 -0300
  
Zeitwerk::NameError (expected file /home/silas/projetos/FabLabCITe/FabLabCITe-backend/api-fablab/app/controllers/api/v1/usuarios_controller.rb to define constant Api::V1::UsuariosController, but didn't):
  
zeitwerk (2.7.1) lib/zeitwerk/loader/callbacks.rb:33:in 'Zeitwerk::Loader::Callbacks#on_file_autoloaded'
zeitwerk (2.7.1) lib/zeitwerk/core_ext/kernel.rb:27:in 'Kernel#require'
activesupport (8.0.1) lib/active_support/inflector/methods.rb:290:in 'Module#const_get'
activesupport (8.0.1) lib/active_support/inflector/methods.rb:290:in 'ActiveSupport::Inflector#constantize'
activesupport (8.0.1) lib/active_support/core_ext/string/inflections.rb:74:in 'String#constantize'
actionpack (8.0.1) lib/action_dispatch/http/request.rb:99:in 'ActionDispatch::Request#controller_class_for'
actionpack (8.0.1) lib/action_dispatch/request/utils.rb:108:in 'ActionDispatch::Request::Utils::CustomParamEncoder.action_encoding_template'
actionpack (8.0.1) lib/action_dispatch/request/utils.rb:102:in 'ActionDispatch::Request::Utils::CustomParamEncoder.encode'
actionpack (8.0.1) lib/action_dispatch/request/utils.rb:47:in 'ActionDispatch::Request::Utils.set_binary_encoding'
actionpack (8.0.1) lib/action_dispatch/http/parameters.rb:70:in 'ActionDispatch::Http::Parameters#path_parameters='
actionpack (8.0.1) lib/action_dispatch/journey/router.rb:50:in 'block in ActionDispatch::Journey::Router#serve'
actionpack (8.0.1) lib/action_dispatch/journey/router.rb:133:in 'block in ActionDispatch::Journey::Router#find_routes'
actionpack (8.0.1) lib/action_dispatch/journey/router.rb:126:in 'Array#each'
actionpack (8.0.1) lib/action_dispatch/journey/router.rb:126:in 'ActionDispatch::Journey::Router#find_routes'
actionpack (8.0.1) lib/action_dispatch/journey/router.rb:34:in 'ActionDispatch::Journey::Router#serve'
actionpack (8.0.1) lib/action_dispatch/routing/route_set.rb:908:in 'ActionDispatch::Routing::RouteSet#call'
railties (8.0.1) lib/rails/engine/lazy_route_set.rb:68:in 'Rails::Engine::LazyRouteSet#call'
rack (3.1.8) lib/rack/etag.rb:29:in 'Rack::ETag#call'
rack (3.1.8) lib/rack/conditional_get.rb:31:in 'Rack::ConditionalGet#call'
rack (3.1.8) lib/rack/head.rb:15:in 'Rack::Head#call'
activerecord (8.0.1) lib/active_record/migration.rb:671:in 'ActiveRecord::Migration::CheckPending#call'
actionpack (8.0.1) lib/action_dispatch/middleware/callbacks.rb:31:in 'block in ActionDispatch::Callbacks#call'
activesupport (8.0.1) lib/active_support/callbacks.rb:100:in 'ActiveSupport::Callbacks#run_callbacks'
actionpack (8.0.1) lib/action_dispatch/middleware/callbacks.rb:30:in 'ActionDispatch::Callbacks#call'
actionpack (8.0.1) lib/action_dispatch/middleware/executor.rb:16:in 'ActionDispatch::Executor#call'
actionpack (8.0.1) lib/action_dispatch/middleware/actionable_exceptions.rb:18:in 'ActionDispatch::ActionableExceptions#call'
actionpack (8.0.1) lib/action_dispatch/middleware/debug_exceptions.rb:31:in 'ActionDispatch::DebugExceptions#call'
actionpack (8.0.1) lib/action_dispatch/middleware/show_exceptions.rb:32:in 'ActionDispatch::ShowExceptions#call'
railties (8.0.1) lib/rails/rack/logger.rb:41:in 'Rails::Rack::Logger#call_app'
railties (8.0.1) lib/rails/rack/logger.rb:29:in 'Rails::Rack::Logger#call'
actionpack (8.0.1) lib/action_dispatch/middleware/remote_ip.rb:96:in 'ActionDispatch::RemoteIp#call'
actionpack (8.0.1) lib/action_dispatch/middleware/request_id.rb:34:in 'ActionDispatch::RequestId#call'
rack (3.1.8) lib/rack/runtime.rb:24:in 'Rack::Runtime#call'
actionpack (8.0.1) lib/action_dispatch/middleware/server_timing.rb:61:in 'block in ActionDispatch::ServerTiming#call'
actionpack (8.0.1) lib/action_dispatch/middleware/server_timing.rb:26:in 'ActionDispatch::ServerTiming::Subscriber#collect_events'
actionpack (8.0.1) lib/action_dispatch/middleware/server_timing.rb:60:in 'ActionDispatch::ServerTiming#call'
actionpack (8.0.1) lib/action_dispatch/middleware/executor.rb:16:in 'ActionDispatch::Executor#call'
actionpack (8.0.1) lib/action_dispatch/middleware/static.rb:27:in 'ActionDispatch::Static#call'
rack (3.1.8) lib/rack/sendfile.rb:114:in 'Rack::Sendfile#call'
actionpack (8.0.1) lib/action_dispatch/middleware/host_authorization.rb:143:in 'ActionDispatch::HostAuthorization#call'
railties (8.0.1) lib/rails/engine.rb:535:in 'Rails::Engine#call'
puma (6.5.0) lib/puma/configuration.rb:279:in 'Puma::Configuration::ConfigMiddleware#call'
puma (6.5.0) lib/puma/request.rb:99:in 'block in Puma::Request#handle_request'
puma (6.5.0) lib/puma/thread_pool.rb:389:in 'Puma::ThreadPool#with_force_shutdown'
puma (6.5.0) lib/puma/request.rb:98:in 'Puma::Request#handle_request'
puma (6.5.0) lib/puma/server.rb:468:in 'Puma::Server#process_client'
puma (6.5.0) lib/puma/server.rb:249:in 'block in Puma::Server#run'
puma (6.5.0) lib/puma/thread_pool.rb:166:in 'block in Puma::ThreadPool#spawn_thread'
Started GET "/api/v1/usuarios" for ::1 at 2025-01-28 11:04:33 -0300
  [1m[36mActiveRecord::SchemaMigration Load (0.4ms)[0m  [1m[34mSELECT "schema_migrations"."version" FROM "schema_migrations" ORDER BY "schema_migrations"."version" ASC /*application='ApiFablab'*/[0m
  
Zeitwerk::NameError (expected file /home/silas/projetos/FabLabCITe/FabLabCITe-backend/api-fablab/app/controllers/api/v1/usuarios_controller.rb to define constant Api::V1::UsuariosController, but didn't):
  
zeitwerk (2.7.1) lib/zeitwerk/loader/callbacks.rb:33:in 'Zeitwerk::Loader::Callbacks#on_file_autoloaded'
zeitwerk (2.7.1) lib/zeitwerk/core_ext/kernel.rb:27:in 'Kernel#require'
activesupport (8.0.1) lib/active_support/inflector/methods.rb:290:in 'Module#const_get'
activesupport (8.0.1) lib/active_support/inflector/methods.rb:290:in 'ActiveSupport::Inflector#constantize'
activesupport (8.0.1) lib/active_support/core_ext/string/inflections.rb:74:in 'String#constantize'
actionpack (8.0.1) lib/action_dispatch/http/request.rb:99:in 'ActionDispatch::Request#controller_class_for'
actionpack (8.0.1) lib/action_dispatch/request/utils.rb:108:in 'ActionDispatch::Request::Utils::CustomParamEncoder.action_encoding_template'
actionpack (8.0.1) lib/action_dispatch/request/utils.rb:102:in 'ActionDispatch::Request::Utils::CustomParamEncoder.encode'
actionpack (8.0.1) lib/action_dispatch/request/utils.rb:47:in 'ActionDispatch::Request::Utils.set_binary_encoding'
actionpack (8.0.1) lib/action_dispatch/http/parameters.rb:70:in 'ActionDispatch::Http::Parameters#path_parameters='
actionpack (8.0.1) lib/action_dispatch/journey/router.rb:50:in 'block in ActionDispatch::Journey::Router#serve'
actionpack (8.0.1) lib/action_dispatch/journey/router.rb:133:in 'block in ActionDispatch::Journey::Router#find_routes'
actionpack (8.0.1) lib/action_dispatch/journey/router.rb:126:in 'Array#each'
actionpack (8.0.1) lib/action_dispatch/journey/router.rb:126:in 'ActionDispatch::Journey::Router#find_routes'
actionpack (8.0.1) lib/action_dispatch/journey/router.rb:34:in 'ActionDispatch::Journey::Router#serve'
actionpack (8.0.1) lib/action_dispatch/routing/route_set.rb:908:in 'ActionDispatch::Routing::RouteSet#call'
railties (8.0.1) lib/rails/engine/lazy_route_set.rb:68:in 'Rails::Engine::LazyRouteSet#call'
rack (3.1.8) lib/rack/etag.rb:29:in 'Rack::ETag#call'
rack (3.1.8) lib/rack/conditional_get.rb:31:in 'Rack::ConditionalGet#call'
rack (3.1.8) lib/rack/head.rb:15:in 'Rack::Head#call'
activerecord (8.0.1) lib/active_record/migration.rb:671:in 'ActiveRecord::Migration::CheckPending#call'
actionpack (8.0.1) lib/action_dispatch/middleware/callbacks.rb:31:in 'block in ActionDispatch::Callbacks#call'
activesupport (8.0.1) lib/active_support/callbacks.rb:100:in 'ActiveSupport::Callbacks#run_callbacks'
actionpack (8.0.1) lib/action_dispatch/middleware/callbacks.rb:30:in 'ActionDispatch::Callbacks#call'
actionpack (8.0.1) lib/action_dispatch/middleware/executor.rb:16:in 'ActionDispatch::Executor#call'
actionpack (8.0.1) lib/action_dispatch/middleware/actionable_exceptions.rb:18:in 'ActionDispatch::ActionableExceptions#call'
actionpack (8.0.1) lib/action_dispatch/middleware/debug_exceptions.rb:31:in 'ActionDispatch::DebugExceptions#call'
actionpack (8.0.1) lib/action_dispatch/middleware/show_exceptions.rb:32:in 'ActionDispatch::ShowExceptions#call'
railties (8.0.1) lib/rails/rack/logger.rb:41:in 'Rails::Rack::Logger#call_app'
railties (8.0.1) lib/rails/rack/logger.rb:29:in 'Rails::Rack::Logger#call'
actionpack (8.0.1) lib/action_dispatch/middleware/remote_ip.rb:96:in 'ActionDispatch::RemoteIp#call'
actionpack (8.0.1) lib/action_dispatch/middleware/request_id.rb:34:in 'ActionDispatch::RequestId#call'
rack (3.1.8) lib/rack/runtime.rb:24:in 'Rack::Runtime#call'
actionpack (8.0.1) lib/action_dispatch/middleware/server_timing.rb:61:in 'block in ActionDispatch::ServerTiming#call'
actionpack (8.0.1) lib/action_dispatch/middleware/server_timing.rb:26:in 'ActionDispatch::ServerTiming::Subscriber#collect_events'
actionpack (8.0.1) lib/action_dispatch/middleware/server_timing.rb:60:in 'ActionDispatch::ServerTiming#call'
actionpack (8.0.1) lib/action_dispatch/middleware/executor.rb:16:in 'ActionDispatch::Executor#call'
actionpack (8.0.1) lib/action_dispatch/middleware/static.rb:27:in 'ActionDispatch::Static#call'
rack (3.1.8) lib/rack/sendfile.rb:114:in 'Rack::Sendfile#call'
actionpack (8.0.1) lib/action_dispatch/middleware/host_authorization.rb:143:in 'ActionDispatch::HostAuthorization#call'
railties (8.0.1) lib/rails/engine.rb:535:in 'Rails::Engine#call'
puma (6.5.0) lib/puma/configuration.rb:279:in 'Puma::Configuration::ConfigMiddleware#call'
puma (6.5.0) lib/puma/request.rb:99:in 'block in Puma::Request#handle_request'
puma (6.5.0) lib/puma/thread_pool.rb:389:in 'Puma::ThreadPool#with_force_shutdown'
puma (6.5.0) lib/puma/request.rb:98:in 'Puma::Request#handle_request'
puma (6.5.0) lib/puma/server.rb:468:in 'Puma::Server#process_client'
puma (6.5.0) lib/puma/server.rb:249:in 'block in Puma::Server#run'
puma (6.5.0) lib/puma/thread_pool.rb:166:in 'block in Puma::ThreadPool#spawn_thread'
Started GET "/api/v1/usuarios" for ::1 at 2025-01-28 11:05:28 -0300
Processing by Api::V1::UsuariosController#index as */*
  [1m[36mUsuario Load (2.5ms)[0m  [1m[34mSELECT "usuarios".* FROM "usuarios" /*action='index',application='ApiFablab',controller='usuarios'*/[0m
  ↳ app/controllers/api/v1/usuarios_controller.rb:8:in 'Api::V1::UsuariosController#index'
Completed 200 OK in 65ms (Views: 19.1ms | ActiveRecord: 3.9ms (1 query, 0 cached) | GC: 0.0ms)


Started PUT "/usuarios/1" for ::1 at 2025-01-28 11:10:11 -0300
  
ActionController::RoutingError (No route matches [PUT] "/usuarios/1"):
  
Started PUT "/api/v1/usuarios/1" for ::1 at 2025-01-28 11:10:23 -0300
Processing by Api::V1::UsuariosController#update as */*
  Parameters: {"id" => "1", "nome" => "Silas", "senha" => "123", "email" => "[FILTERED]", "cpf" => "01234567890", "data_nascimento" => "2014-12-01", "tipo" => "Adm", "usuario" => {"id" => "1", "nome" => "Silas", "senha" => "123", "email" => "[FILTERED]", "cpf" => "01234567890", "data_nascimento" => "2014-12-01", "tipo" => "Adm"}}
  [1m[36mUsuario Load (2.5ms)[0m  [1m[34mSELECT "usuarios".* FROM "usuarios" WHERE "usuarios"."id" = 1 LIMIT 1 /*action='update',application='ApiFablab',controller='usuarios'*/[0m
  ↳ app/controllers/api/v1/usuarios_controller.rb:44:in 'Api::V1::UsuariosController#set_usuario'
Completed 500 Internal Server Error in 25ms (ActiveRecord: 2.4ms (1 query, 0 cached) | GC: 0.0ms)


  
ArgumentError ('Adm' is not a valid tipo):
  
app/controllers/api/v1/usuarios_controller.rb:29:in 'Api::V1::UsuariosController#update'
Started PUT "/api/v1/usuarios/1" for ::1 at 2025-01-28 11:10:31 -0300
Processing by Api::V1::UsuariosController#update as */*
  Parameters: {"id" => "1", "nome" => "Silas", "senha" => "123", "email" => "[FILTERED]", "cpf" => "01234567890", "data_nascimento" => "2014-12-01", "tipo" => "Administrador", "usuario" => {"id" => "1", "nome" => "Silas", "senha" => "123", "email" => "[FILTERED]", "cpf" => "01234567890", "data_nascimento" => "2014-12-01", "tipo" => "Administrador"}}
  [1m[36mUsuario Load (0.3ms)[0m  [1m[34mSELECT "usuarios".* FROM "usuarios" WHERE "usuarios"."id" = 1 LIMIT 1 /*action='update',application='ApiFablab',controller='usuarios'*/[0m
  ↳ app/controllers/api/v1/usuarios_controller.rb:44:in 'Api::V1::UsuariosController#set_usuario'
Completed 500 Internal Server Error in 5ms (ActiveRecord: 0.3ms (1 query, 0 cached) | GC: 0.0ms)


  
ArgumentError ('Administrador' is not a valid tipo):
  
app/controllers/api/v1/usuarios_controller.rb:29:in 'Api::V1::UsuariosController#update'
Started PUT "/api/v1/usuarios/1" for ::1 at 2025-01-28 11:10:41 -0300
Processing by Api::V1::UsuariosController#update as */*
  Parameters: {"id" => "1", "nome" => "Silas", "senha" => "123", "email" => "[FILTERED]", "cpf" => "01234567890", "data_nascimento" => "2014-12-01", "tipo" => "Admin", "usuario" => {"id" => "1", "nome" => "Silas", "senha" => "123", "email" => "[FILTERED]", "cpf" => "01234567890", "data_nascimento" => "2014-12-01", "tipo" => "Admin"}}
  [1m[36mUsuario Load (0.3ms)[0m  [1m[34mSELECT "usuarios".* FROM "usuarios" WHERE "usuarios"."id" = 1 LIMIT 1 /*action='update',application='ApiFablab',controller='usuarios'*/[0m
  ↳ app/controllers/api/v1/usuarios_controller.rb:44:in 'Api::V1::UsuariosController#set_usuario'
  [1m[36mTRANSACTION (0.1ms)[0m  [1m[35mBEGIN immediate TRANSACTION /*action='update',application='ApiFablab',controller='usuarios'*/[0m
  ↳ app/controllers/api/v1/usuarios_controller.rb:29:in 'Api::V1::UsuariosController#update'
  [1m[36mUsuario Update (3.5ms)[0m  [1m[33mUPDATE "usuarios" SET "cpf" = '01234567890', "tipo" = 'Admin', "updated_at" = '2025-01-28 14:10:41.985018' WHERE "usuarios"."id" = 1 /*action='update',application='ApiFablab',controller='usuarios'*/[0m
  ↳ app/controllers/api/v1/usuarios_controller.rb:29:in 'Api::V1::UsuariosController#update'
  [1m[36mTRANSACTION (6.9ms)[0m  [1m[35mCOMMIT TRANSACTION /*action='update',application='ApiFablab',controller='usuarios'*/[0m
  ↳ app/controllers/api/v1/usuarios_controller.rb:29:in 'Api::V1::UsuariosController#update'
Completed 200 OK in 24ms (Views: 0.6ms | ActiveRecord: 10.7ms (2 queries, 0 cached) | GC: 0.0ms)


Started GET "/api/v1/usuarios" for 127.0.0.1 at 2025-01-28 11:58:11 -0300
  [1m[36mActiveRecord::SchemaMigration Load (0.3ms)[0m  [1m[34mSELECT "schema_migrations"."version" FROM "schema_migrations" ORDER BY "schema_migrations"."version" ASC /*application='ApiFablab'*/[0m
Processing by Api::V1::UsuariosController#index as */*
  [1m[36mUsuario Load (1.9ms)[0m  [1m[34mSELECT "usuarios".* FROM "usuarios" /*action='index',application='ApiFablab',controller='usuarios'*/[0m
  ↳ app/controllers/api/v1/usuarios_controller.rb:8:in 'Api::V1::UsuariosController#index'
Completed 200 OK in 51ms (Views: 17.6ms | ActiveRecord: 3.1ms (1 query, 0 cached) | GC: 3.0ms)


Started GET "/api/v1/maquinas" for 127.0.0.1 at 2025-01-28 11:59:14 -0300
Processing by Api::V1::MaquinasController#index as */*
  [1m[36mMaquina Load (0.4ms)[0m  [1m[34mSELECT "maquinas".* FROM "maquinas" /*action='index',application='ApiFablab',controller='maquinas'*/[0m
  ↳ app/controllers/api/v1/maquinas_controller.rb:8:in 'Api::V1::MaquinasController#index'
Completed 200 OK in 12ms (Views: 8.9ms | ActiveRecord: 0.6ms (1 query, 0 cached) | GC: 0.0ms)


Started GET "/api/v1/usuarios" for 127.0.0.1 at 2025-01-28 12:00:18 -0300
Processing by Api::V1::UsuariosController#index as */*
  [1m[36mUsuario Load (0.3ms)[0m  [1m[34mSELECT "usuarios".* FROM "usuarios" /*action='index',application='ApiFablab',controller='usuarios'*/[0m
  ↳ app/controllers/api/v1/usuarios_controller.rb:8:in 'Api::V1::UsuariosController#index'
Completed 200 OK in 4ms (Views: 3.4ms | ActiveRecord: 0.2ms (1 query, 0 cached) | GC: 0.0ms)


Started PUT "/api/v1/maquinas/1" for 127.0.0.1 at 2025-01-28 12:05:49 -0300
Processing by Api::V1::MaquinasController#update as */*
  Parameters: {"apelido" => "Becky", "nome_tecnico" => "Impressora 3D blá blá", "imagem" => "http://foto_becky", "descricao" => "Impressora 3D do ano DD/MM/AAAA", "id" => "1", "maquina" => {"apelido" => "Becky", "nome_tecnico" => "Impressora 3D blá blá", "imagem" => "http://foto_becky", "descricao" => "Impressora 3D do ano DD/MM/AAAA"}}
  [1m[36mMaquina Load (0.6ms)[0m  [1m[34mSELECT "maquinas".* FROM "maquinas" WHERE "maquinas"."id" = 1 LIMIT 1 /*action='update',application='ApiFablab',controller='maquinas'*/[0m
  ↳ app/controllers/api/v1/maquinas_controller.rb:44:in 'Api::V1::MaquinasController#set_maquina'
  [1m[36mTRANSACTION (0.2ms)[0m  [1m[35mBEGIN immediate TRANSACTION /*action='update',application='ApiFablab',controller='maquinas'*/[0m
  ↳ app/controllers/api/v1/maquinas_controller.rb:29:in 'Api::V1::MaquinasController#update'
  [1m[36mMaquina Update (2.1ms)[0m  [1m[33mUPDATE "maquinas" SET "nome_tecnico" = 'Impressora 3D blá blá', "updated_at" = '2025-01-28 15:05:49.326565' WHERE "maquinas"."id" = 1 /*action='update',application='ApiFablab',controller='maquinas'*/[0m
  ↳ app/controllers/api/v1/maquinas_controller.rb:29:in 'Api::V1::MaquinasController#update'
  [1m[36mTRANSACTION (5.5ms)[0m  [1m[35mCOMMIT TRANSACTION /*action='update',application='ApiFablab',controller='maquinas'*/[0m
  ↳ app/controllers/api/v1/maquinas_controller.rb:29:in 'Api::V1::MaquinasController#update'
Completed 200 OK in 29ms (Views: 0.7ms | ActiveRecord: 8.3ms (2 queries, 0 cached) | GC: 0.0ms)


